# mahimahi mm-link (Uplink) [/usr/share/mahimahi/traces/ATT-LTE-driving.up] > /pantheon/src/experiments/data/trail/cubic_mm_datalink_run1.log
# command line: 'mm-link' '/usr/share/mahimahi/traces/ATT-LTE-driving.up' '/usr/share/mahimahi/traces/ATT-LTE-driving.down' '--uplink-log=/pantheon/src/experiments/data/trail/cubic_mm_datalink_run1.log' '--downlink-log=/pantheon/src/experiments/data/trail/cubic_mm_acklink_run1.log' '--uplink-queue=codel' '--downlink-queue=codel' '--uplink-queue-args="target=512,interval=100,packets=100"' '--downlink-queue-args="target=512,interval=100,packets=100"' 'python' '/pantheon/src/experiments/tunnel_manager.py'
# queue: codel [packets=100]
# init timestamp: 1744951481554
# base timestamp: 32
62 + 40
771 + 80
772 + 52
774 + 80
789 + 80
863 # 1504
863 - 40 801
863 - 80 92
863 - 52 91
863 - 80 89
863 - 80 74
912 # 1504
912 # 1504
982 # 1504
987 + 80
1063 # 1504
1063 - 80 76
1064 # 1504
1064 # 1504
1113 # 1504
1114 # 1504
1114 # 1504
1124 # 1504
1134 # 1504
1153 # 1504
1164 # 1504
1174 # 1504
1223 # 1504
1224 # 1504
1224 # 1504
1274 # 1504
1285 # 1504
1285 # 1504
1285 # 1504
1286 # 1504
1295 # 1504
1305 # 1504
1315 # 1504
1325 # 1504
1325 # 1504
1335 # 1504
1385 # 1504
1385 # 1504
1386 # 1504
1415 # 1504
1415 # 1504
1415 # 1504
1464 # 1504
1464 # 1504
1464 # 1504
1514 # 1504
1514 # 1504
1515 # 1504
1524 # 1504
1534 # 1504
1544 # 1504
1554 # 1504
1564 # 1504
1574 # 1504
1584 # 1504
1594 # 1504
1604 # 1504
1614 # 1504
1665 # 1504
1665 # 1504
1683 # 1504
1695 # 1504
1715 # 1504
1744 # 1504
1744 # 1504
1744 # 1504
1745 # 1504
1754 # 1504
1765 # 1504
1775 # 1504
1785 # 1504
1795 # 1504
1795 # 1504
1845 # 1504
1845 # 1504
1865 # 1504
1875 # 1504
1895 # 1504
1895 # 1504
1925 # 1504
1945 # 1504
1945 # 1504
1945 # 1504
1955 # 1504
1955 # 1504
1965 # 1504
1975 # 1504
1985 # 1504
1994 # 1504
2005 # 1504
2015 # 1504
2015 # 1504
2024 # 1504
2035 # 1504
2085 # 1504
2085 # 1504
2086 # 1504
2086 # 1504
2115 # 1504
2115 # 1504
2115 # 1504
2125 # 1504
2175 # 1504
2175 # 1504
2175 # 1504
2176 # 1504
2176 # 1504
2185 # 1504
2195 # 1504
2205 # 1504
2205 # 1504
2215 # 1504
2225 # 1504
2275 # 1504
2285 # 1504
2285 # 1504
2285 # 1504
2286 # 1504
2295 # 1504
2345 # 1504
2345 # 1504
2365 # 1504
2365 # 1504
2366 # 1504
2370 # 1504
2375 # 1504
2425 # 1504
2435 # 1504
2435 # 1504
2435 # 1504
2436 # 1504
2446 # 1504
2455 # 1504
2465 # 1504
2475 # 1504
2525 # 1504
2525 # 1504
2525 # 1504
2545 # 1504
2555 # 1504
2555 # 1504
2565 # 1504
2565 # 1504
2575 # 1504
2585 # 1504
2635 # 1504
2635 # 1504
2655 # 1504
2655 # 1504
2655 # 1504
2656 # 1504
2665 # 1504
2715 # 1504
2725 # 1504
2725 # 1504
2725 # 1504
2726 # 1504
2775 # 1504
2775 # 1504
2775 # 1504
2776 # 1504
2776 # 1504
2825 # 1504
2825 # 1504
2826 # 1504
2826 # 1504
2835 # 1504
2849 # 1504
2849 # 1504
2855 # 1504
2865 # 1504
2875 # 1504
2885 # 1504
2895 # 1504
2895 # 1504
2945 # 1504
2945 # 1504
2946 # 1504
2947 # 1504
2954 # 1504
2964 # 1504
2974 # 1504
2984 # 1504
2995 # 1504
3004 # 1504
3014 # 1504
3065 # 1504
3065 # 1504
3085 # 1504
3085 # 1504
3085 # 1504
3086 # 1504
3094 # 1504
3104 # 1504
3114 # 1504
3135 # 1504
3184 # 1504
3184 # 1504
3185 # 1504
3185 # 1504
3234 # 1504
3235 # 1504
3235 # 1504
3264 # 1504
3265 # 1504
3265 # 1504
3275 # 1504
3285 # 1504
3295 # 1504
3295 # 1504
3305 # 1504
3355 # 1504
3355 # 1504
3355 # 1504
3356 # 1504
3405 # 1504
3414 # 1504
3415 # 1504
3415 # 1504
3435 # 1504
3435 # 1504
3449 # 1504
3455 # 1504
3464 # 1504
3474 # 1504
3483 # 1504
3493 # 1504
3503 # 1504
3554 # 1504
3566 # 1504
3566 # 1504
3567 # 1504
3574 # 1504
3574 # 1504
3585 # 1504
3594 # 1504
3646 # 1504
3654 # 1504
3654 # 1504
3673 # 1504
3674 # 1504
3674 # 1504
3686 # 1504
3734 # 1504
3734 # 1504
3735 # 1504
3735 # 1504
3735 # 1504
3745 # 1504
3754 # 1504
3805 # 1504
3805 # 1504
3806 # 1504
3806 # 1504
3834 # 1504
3834 # 1504
3834 # 1504
3885 # 1504
3886 # 1504
3886 # 1504
3886 # 1504
3886 # 1504
3894 # 1504
3905 # 1504
3905 + 100
3914 # 1504
3914 - 100 9
3914 # 1504
3918 + 92
3918 + 1504
3918 + 1504
3918 + 1504
3918 + 1504
3918 + 1504
3918 + 1504
3918 + 1504
3918 + 1504
3918 + 1504
3918 + 1504
3925 # 1504
3925 - 92 7
3934 # 1504
3934 - 1504 16
3944 + 1504
3944 + 1504
3978 + 1504
3984 # 1504
3984 - 1504 66
3984 # 1504
3984 - 1504 66
3985 # 1504
3985 - 1504 67
3987 + 1504
3987 + 1504
3987 + 1504
3987 + 1504
3987 + 1504
4014 # 1504
4014 - 1504 96
4014 # 1504
4014 - 1504 96
4029 + 1504
4029 + 1504
4029 + 1504
4029 + 1504
4034 # 1504
4034 - 1504 116
4036 + 1504
4036 + 1504
4049 # 1504
4049 - 1504 131
4049 # 1504
4049 - 1504 131
4054 # 1504
4054 - 1504 136
4055 + 1504
4055 + 1504
4055 + 1504
4055 + 1504
4056 + 1504
4056 + 1504
4065 # 1504
4065 - 1504 121
4065 # 1504
4065 - 1504 121
4068 + 1504
4068 + 1504
4068 + 1504
4114 # 1504
4114 - 1504 136
4115 # 1504
4115 - 1504 128
4115 # 1504
4115 - 1504 128
4116 # 1504
4116 - 1504 129
4117 + 1504
4117 + 1504
4117 + 1504
4117 + 1504
4117 + 1504
4117 + 1504
4120 + 1504
4125 # 1504
4125 - 1504 138
4133 # 1504
4133 - 1504 146
4134 # 1504
4134 - 1504 105
4138 + 1504
4138 + 1504
4138 + 1504
4145 # 1504
4145 - 1504 116
4147 + 1504
4154 # 1504
4154 - 1504 125
4157 + 1504
4166 # 1504
4166 - 1504 137
4169 + 1504
4174 # 1504
4174 - 1504 138
4185 # 1504
4185 - 1504 149
4185 # 1504
4185 - 1504 130
4187 + 1504
4187 + 1504
4230 + 1504
4234 # 1504
4234 - 1504 179
4234 # 1504
4234 - 1504 179
4234 # 1504
4234 - 1504 179
4235 # 1504
4235 - 1504 179
4237 + 1504
4237 + 1504
4237 + 1504
4237 + 1504
4286 # 1504
4286 - 1504 230
4286 # 1504
4286 - 1504 218
4286 # 1504
4286 - 1504 218
4287 # 1504
4287 - 1504 219
4287 # 1504
4287 - 1504 170
4289 + 1504
4289 + 1504
4289 + 1504
4294 # 1504
4294 - 1504 177
4298 + 1504
4298 + 1504
4298 + 1504
4298 + 1504
4305 # 1504
4305 - 1504 188
4313 # 1504
4313 - 1504 196
4316 + 1504
4316 + 1504
4324 # 1504
4324 - 1504 207
4333 # 1504
4333 - 1504 216
4335 + 1504
4335 + 1504
4345 # 1504
4345 - 1504 225
4353 # 1504
4353 - 1504 215
4353 # 1504
4353 - 1504 215
4355 + 1504
4355 + 1504
4365 # 1504
4365 - 1504 227
4373 # 1504
4373 - 1504 226
4373 + 1504
4373 + 1504
4421 + 1504
4425 # 1504
4425 - 1504 268
4434 # 1504
4434 - 1504 265
4439 + 1504
4439 + 1504
4445 # 1504
4445 - 1504 258
4445 # 1504
4445 - 1504 258
4454 # 1504
4454 - 1504 224
4458 + 1504
4458 + 1504
4458 + 1504
4505 # 1504
4505 - 1504 268
4505 # 1504
4505 - 1504 268
4514 # 1504
4514 - 1504 277
4514 # 1504
4514 - 1504 277
4514 # 1504
4514 - 1504 225
4523 + 1504
4523 + 1504
4523 + 1504
4523 + 1504
4523 + 1504
4525 # 1504
4525 - 1504 236
4534 # 1504
4534 - 1504 245
4538 + 1504
4538 + 1504
4544 # 1504
4544 - 1504 246
4544 # 1504
4544 - 1504 246
4554 # 1504
4554 - 1504 256
4557 + 1504
4557 + 1504
4557 + 1504
4557 + 1504
4605 # 1504
4605 - 1504 307
4605 # 1504
4605 - 1504 289
4605 # 1504
4605 - 1504 289
4607 + 1504
4607 + 1504
4607 + 1504
4610 # 1504
4610 - 1504 275
4611 # 1504
4611 - 1504 276
4620 + 1504
4654 # 1504
4654 - 1504 299
4665 # 1504
4665 - 1504 310
4665 # 1504
4665 - 1504 292
4665 # 1504
4665 - 1504 292
4675 # 1504
4675 - 1504 254
4685 # 1504
4685 - 1504 246
4685 # 1504
4685 - 1504 246
4692 + 1504
4692 + 1504
4692 + 1504
4692 + 1504
4692 + 1504
4692 + 1504
4692 + 1504
4692 + 1504
4734 # 1504
4734 - 1504 276
4734 # 1504
4734 - 1504 276
4734 # 1504
4734 - 1504 276
4735 # 1504
4735 - 1504 212
4738 + 1504
4738 + 1504
4738 + 1504
4746 # 1504
4746 - 1504 223
4746 # 1504
4746 - 1504 223
4752 + 1504
4752 + 1504
4752 + 1504
4752 + 1504
4754 # 1504
4754 - 1504 231
4765 # 1504
4765 - 1504 242
4774 # 1504
4774 - 1504 236
4784 # 1504
4784 - 1504 246
4793 + 1504
4793 + 1504
4793 + 1504
4793 + 1504
4794 # 1504
4794 - 1504 237
4803 + 52
4804 # 1504
4804 - 1504 247
4804 # 1504
4804 - 1504 247
4810 + 1504
4810 + 1504
4814 # 1504
4814 - 1504 257
4815 + 1504
4816 + 1504
4824 # 1504
4824 - 1504 217
4866 + 1504
4874 # 1504
4874 - 1504 267
4874 # 1504
4874 - 1504 267
4892 + 1504
4892 + 1504
4894 # 1504
4894 - 1504 274
4894 # 1504
4894 - 1504 202
4897 + 1504
4897 + 1504
4905 # 1504
4905 - 1504 213
4905 # 1504
4905 - 1504 213
4909 + 1504
4914 # 1504
4914 - 1504 222
4917 + 1504
4917 + 1504
4925 # 1504
4925 - 1504 233
4934 # 1504
4934 - 1504 242
4937 + 1504
4937 + 1504
4944 # 1504
4944 - 1504 252
4945 # 1504
4945 - 1504 253
4948 + 1504
4948 + 1504
4954 # 1504
4954 - 1504 216
5005 # 1504
5005 - 1504 267
5005 # 1504
5005 - 1504 267
5005 # 1504
5005 - 1504 253
5008 + 1504
5008 + 1504
5008 + 1504
5008 + 1504
5034 # 1504
5034 - 1504 282
5034 # 1504
5034 - 1504 282
5034 # 1504
5034 - 1504 282
5035 # 1504
5035 - 1504 242
5036 + 1504
5036 + 1504
5036 + 1504
5036 + 1504
5045 # 1504
5045 - 1504 252
5094 # 1504
5094 - 1504 301
5094 # 1504
5094 - 1504 301
5094 - 52 291
5094 # 1504
5094 - 1504 284
5095 # 1504
5095 - 1504 285
5118 + 1504
5118 + 1504
5118 + 1504
5118 + 1504
5118 + 1504
5125 # 1504
5125 - 1504 310
5129 # 1504
5129 - 1504 313
5130 # 1504
5130 - 1504 264
5134 # 1504
5134 - 1504 242
5145 # 1504
5145 - 1504 253
5145 # 1504
5145 - 1504 248
5154 # 1504
5154 - 1504 257
5165 # 1504
5165 - 1504 256
5174 # 1504
5174 - 1504 257
5225 # 1504
5225 - 1504 308
5225 # 1504
5225 - 1504 288
5225 # 1504
5225 - 1504 288
5245 # 1504
5245 - 1504 297
5245 # 1504
5245 - 1504 297
5274 # 1504
5274 - 1504 266
5274 # 1504
5274 - 1504 266
5274 # 1504
5274 - 1504 266
5285 # 1504
5285 - 1504 277
5285 # 1504
5285 - 1504 249
5294 # 1504
5294 - 1504 258
5305 # 1504
5305 - 1504 269
5314 + 1504
5314 + 1504
5314 + 1504
5314 + 1504
5314 + 1504
5314 + 1504
5314 + 1504
5314 + 1504
5314 + 1504
5314 + 1504
5314 + 1504
5314 + 1504
5314 + 1504
5314 + 1504
5314 + 1504
5314 + 1504
5314 + 1504
5314 + 1504
5314 + 1504
5314 + 1504
5314 + 1504
5314 + 1504
5351 + 1504
5354 # 1504
5354 - 1504 318
5355 # 1504
5355 - 1504 237
5369 + 1504
5374 # 1504
5374 - 1504 256
5374 # 1504
5374 - 1504 256
5377 + 1504
5377 + 1504
5385 # 1504
5385 - 1504 267
5390 + 1504
5390 + 1504
5404 # 1504
5404 - 1504 286
5411 + 1504
5412 + 1504
5434 # 1504
5434 - 1504 120
5434 # 1504
5434 - 1504 120
5435 # 1504
5435 - 1504 121
5435 # 1504
5435 - 1504 121
5439 + 1504
5439 + 1504
5439 + 1504
5439 + 1504
5445 # 1504
5445 - 1504 131
5454 # 1504
5454 - 1504 140
5458 + 1504
5458 + 1504
5465 # 1504
5465 - 1504 151
5474 # 1504
5474 - 1504 160
5477 + 1504
5477 + 1504
5485 # 1504
5485 - 1504 171
5494 # 1504
5494 - 1504 180
5494 # 1504
5494 - 1504 180
5509 # 1504
5509 - 1504 195
5512 + 1504
5512 + 1504
5512 + 1504
5512 + 1504
5514 # 1504
5514 - 1504 200
5525 # 1504
5525 - 1504 211
5528 + 1504
5528 + 1504
5534 # 1504
5534 - 1504 220
5545 # 1504
5545 - 1504 231
5545 # 1504
5545 - 1504 231
5552 + 1504
5552 + 1504
5554 # 1504
5554 - 1504 240
5557 + 1504
5557 + 1504
5565 # 1504
5565 - 1504 251
5575 # 1504
5575 - 1504 261
5578 + 1504
5578 + 1504
5584 # 1504
5584 - 1504 270
5594 # 1504
5594 - 1504 280
5603 + 1504
5603 + 1504
5604 # 1504
5604 - 1504 253
5605 # 1504
5605 - 1504 236
5608 + 1504
5608 + 1504
5614 # 1504
5614 - 1504 237
5624 # 1504
5624 - 1504 247
5634 # 1504
5634 - 1504 244
5635 + 1504
5635 + 1504
5676 + 1504
5676 + 1504
5685 # 1504
5685 - 1504 295
5686 # 1504
5686 - 1504 275
5686 # 1504
5686 - 1504 274
5687 # 1504
5687 - 1504 248
5693 + 1504
5693 + 1504
5693 + 1504
5714 # 1504
5714 - 1504 275
5719 + 1504
5719 + 1504
5734 # 1504
5734 - 1504 295
5745 # 1504
5745 - 1504 306
5745 # 1504
5745 - 1504 287
5751 + 1504
5751 + 1504
5754 # 1504
5754 - 1504 296
5754 # 1504
5754 - 1504 277
5765 + 1504
5765 + 1504
5802 + 1504
5802 + 1504
5806 # 1504
5806 - 1504 329
5806 # 1504
5806 - 1504 294
5807 # 1504
5807 - 1504 295
5807 # 1504
5807 - 1504 295
5808 + 1504
5808 + 1504
5810 + 1504
5810 + 1504
5814 # 1504
5814 - 1504 302
5814 # 1504
5814 - 1504 286
5820 + 1504
5820 + 1504
5865 # 1504
5865 - 1504 337
5865 # 1504
5865 - 1504 313
5866 # 1504
5866 - 1504 314
5866 # 1504
5866 - 1504 309
5870 + 1504
5870 + 1504
5870 + 1504
5870 + 1504
5914 # 1504
5914 - 1504 357
5918 + 1504
5924 # 1504
5924 - 1504 346
5924 # 1504
5924 - 1504 346
5924 # 1504
5924 - 1504 321
5926 + 1504
5926 + 1504
5944 # 1504
5944 - 1504 341
5945 # 1504
5945 - 1504 337
5949 + 1504
5949 + 1504
5954 # 1504
5954 - 1504 346
5957 + 1504
5957 + 1504
5965 # 1504
5965 - 1504 330
5965 # 1504
5965 - 1504 330
5972 + 1504
5972 + 1504
5974 # 1504
5974 - 1504 298
5985 # 1504
5985 - 1504 309
5987 + 1504
5987 + 1504
5994 # 1504
5994 - 1504 301
6005 # 1504
6005 - 1504 312
6007 + 1504
6007 + 1504
6014 # 1504
6014 - 1504 321
6018 + 1504
6018 + 1504
6065 # 1504
6065 - 1504 346
6065 # 1504
6065 - 1504 346
6065 # 1504
6065 - 1504 314
6066 # 1504
6066 - 1504 315
6066 # 1504
6066 - 1504 301
6068 + 1504
6068 + 1504
6068 + 1504
6068 + 1504
6114 # 1504
6114 - 1504 349
6114 # 1504
6114 - 1504 312
6114 # 1504
6114 - 1504 312
6115 # 1504
6115 - 1504 307
6116 # 1504
6116 - 1504 308
6116 + 1504
6116 + 1504
6116 + 1504
6116 + 1504
6119 + 1504
6119 + 1504
6124 # 1504
6124 - 1504 314
6170 + 1504
6174 # 1504
6174 - 1504 364
6174 # 1504
6174 - 1504 354
6177 + 1504
6177 + 1504
6194 # 1504
6194 - 1504 374
6194 # 1504
6194 - 1504 324
6194 # 1504
6194 - 1504 324
6197 + 1504
6197 + 1504
6197 + 1504
6197 + 1504
6225 # 1504
6225 - 1504 355
6226 # 1504
6226 - 1504 356
6226 # 1504
6226 - 1504 308
6230 + 1504
6230 + 1504
6268 + 1504
6274 # 1504
6274 - 1504 348
6274 # 1504
6274 - 1504 348
6274 # 1504
6274 - 1504 325
6275 # 1504
6275 - 1504 326
6276 # 1504
6276 - 1504 319
6278 + 1504
6278 + 1504
6278 + 1504
6278 + 1504
6285 # 1504
6285 - 1504 328
6288 + 1504
6288 + 1504
6294 # 1504
6294 - 1504 322
6305 # 1504
6305 - 1504 333
6305 # 1504
6305 - 1504 318
6308 + 1504
6308 + 1504
6314 # 1504
6314 - 1504 327
6319 + 1504
6319 + 1504
6325 # 1504
6325 - 1504 318
6334 # 1504
6334 - 1504 327
6338 + 1504
6338 + 1504
6345 # 1504
6345 - 1504 327
6354 # 1504
6354 - 1504 336
6354 # 1504
6354 - 1504 286
6357 + 1504
6357 + 1504
6365 # 1504
6365 - 1504 297
6371 + 1504
6371 + 1504
6374 # 1504
6374 - 1504 306
6385 # 1504
6385 - 1504 317
6387 + 1504
6387 + 1504
6394 # 1504
6394 - 1504 278
6405 # 1504
6405 - 1504 289
6413 + 1504
6413 + 1504
6414 # 1504
6414 - 1504 298
6414 # 1504
6414 - 1504 298
6419 + 1504
6419 + 1504
6425 # 1504
6425 - 1504 306
6434 # 1504
6434 - 1504 315
6437 + 1504
6437 + 1504
6445 # 1504
6445 - 1504 275
6489 + 1504
6489 + 1504
6494 # 1504
6494 - 1504 317
6494 # 1504
6494 - 1504 317
6494 # 1504
6494 - 1504 297
6495 # 1504
6495 - 1504 298
6498 + 1504
6498 + 1504
6498 + 1504
6498 + 1504
6525 # 1504
6525 - 1504 328
6525 # 1504
6525 - 1504 328
6526 # 1504
6526 - 1504 296
6527 + 1504
6527 + 1504
6534 # 1504
6534 - 1504 304
6536 + 1504
6536 + 1504
6544 # 1504
6544 - 1504 276
6545 # 1504
6545 - 1504 267
6554 # 1504
6554 - 1504 276
6554 + 1504
6554 + 1504
6556 + 1504
6565 # 1504
6565 - 1504 287
6574 # 1504
6574 - 1504 296
6576 + 1504
6576 + 1504
6585 # 1504
6585 - 1504 297
6594 # 1504
6594 - 1504 306
6594 # 1504
6594 - 1504 286
6601 + 1504
6601 + 1504
6605 # 1504
6605 - 1504 297
6608 + 1504
6608 + 1504
6614 # 1504
6614 - 1504 295
6657 + 1504
6657 + 1504
6664 # 1504
6664 - 1504 345
6666 + 1504
6674 # 1504
6674 - 1504 336
6685 # 1504
6685 - 1504 347
6688 + 1504
6688 + 1504
6693 # 1504
6693 - 1504 336
6694 # 1504
6694 - 1504 337
6696 + 1504
6696 + 1504
6705 # 1504
6705 - 1504 334
6714 # 1504
6714 - 1504 343
6716 + 1504
6716 + 1504
6765 # 1504
6765 - 1504 378
6774 # 1504
6774 - 1504 387
6778 + 1504
6778 + 1504
6785 # 1504
6785 - 1504 372
6785 # 1504
6785 - 1504 372
6789 + 1504
6789 + 1504
6794 # 1504
6794 - 1504 375
6806 # 1504
6806 - 1504 387
6809 + 1504
6809 + 1504
6854 # 1504
6854 - 1504 417
6865 # 1504
6865 - 1504 428
6865 # 1504
6865 - 1504 376
6865 # 1504
6865 - 1504 376
6866 # 1504
6866 - 1504 368
6870 + 1504
6870 + 1504
6870 + 1504
6870 + 1504
6874 # 1504
6874 - 1504 376
6880 + 1504
6880 + 1504
6886 # 1504
6886 - 1504 388
6894 # 1504
6894 - 1504 396
6904 + 1504
6904 + 1504
6905 # 1504
6905 - 1504 378
6914 # 1504
6914 - 1504 387
6914 # 1504
6914 - 1504 378
6917 + 1504
6917 + 1504
6925 # 1504
6925 - 1504 389
6927 + 1504
6927 + 1504
6974 # 1504
6974 - 1504 420
6985 # 1504
6985 - 1504 431
6994 # 1504
6994 - 1504 438
6994 + 1504
6994 + 1504
7005 # 1504
7005 - 1504 429
7005 # 1504
7005 - 1504 429
7007 + 1504
7008 + 1504
7008 + 1504
7008 + 1504
7014 # 1504
7014 - 1504 413
7025 # 1504
7025 - 1504 424
7027 + 1504
7027 + 1504
7034 # 1504
7034 - 1504 426
7079 + 1504
7085 # 1504
7085 - 1504 477
7087 + 1504
7087 + 1504
7095 # 1504
7095 - 1504 438
7105 # 1504
7105 - 1504 448
7105 # 1504
7105 - 1504 439
7113 + 1504
7113 + 1504
7114 # 1504
7114 - 1504 426
7124 # 1504
7124 - 1504 436
7129 + 1504
7129 + 1504
7135 # 1504
7135 - 1504 439
7144 # 1504
7144 - 1504 448
7147 + 1504
7147 + 1504
7194 # 1504
7194 - 1504 478
7194 # 1504
7194 - 1504 478
7195 # 1504
7195 - 1504 417
7195 # 1504
7195 - 1504 417
7195 # 1504
7195 - 1504 406
7197 + 1504
7197 + 1504
7201 + 1504
7201 + 1504
7201 + 1504
7201 + 1504
7204 # 1504
7204 - 1504 415
7207 + 1504
7214 # 1504
7214 - 1504 405
7227 # 1504
7227 - 1504 418
7227 # 1504
7227 - 1504 357
7229 + 1504
7229 + 1504
7234 # 1504
7234 - 1504 364
7238 + 1504
7238 + 1504
7244 # 1504
7244 - 1504 374
7254 # 1504
7254 - 1504 384
7259 + 1504
7259 + 1504
7264 # 1504
7264 - 1504 384
7274 # 1504
7274 - 1504 394
7274 # 1504
7274 - 1504 370
7282 + 1504
7282 + 1504
7321 + 1504
7321 + 1504
7324 # 1504
7324 - 1504 420
7324 # 1504
7324 - 1504 407
7327 + 1504
7327 + 1504
7345 # 1504
7345 - 1504 428
7350 + 1504
7354 # 1504
7354 - 1504 427
7374 # 1504
7374 - 1504 447
7377 + 1504
7377 + 1504
7404 # 1504
7404 - 1504 410
7404 # 1504
7404 - 1504 410
7405 # 1504
7405 - 1504 398
7405 # 1504
7405 - 1504 397
7406 + 1504
7407 + 1504
7413 + 1504
7413 + 1504
7414 # 1504
7414 - 1504 406
7424 # 1504
7424 - 1504 416
7434 # 1504
7434 - 1504 407
7434 # 1504
7434 - 1504 407
7440 + 1504
7440 + 1504
7440 + 1504
7444 # 1504
7444 - 1504 365
7454 # 1504
7454 - 1504 367
7458 + 1504
7458 + 1504
7465 # 1504
7465 - 1504 378
7473 + 1504
7473 + 1504
7514 # 1504
7514 - 1504 401
7514 # 1504
7514 - 1504 401
7515 # 1504
7515 - 1504 386
7515 # 1504
7515 - 1504 386
7516 + 1504
7516 + 1504
7518 + 1504
7518 + 1504
7544 # 1504
7544 - 1504 397
7564 # 1504
7564 - 1504 417
7570 + 1504
7570 + 1504
7574 # 1504
7574 - 1504 377
7575 # 1504
7575 - 1504 378
7580 + 1504
7580 + 1504
7584 # 1504
7584 - 1504 383
7584 # 1504
7584 - 1504 383
7587 + 1504
7587 + 1504
7594 # 1504
7594 - 1504 393
7604 # 1504
7604 - 1504 403
7606 + 1504
7606 + 1504
7614 # 1504
7614 - 1504 407
7616 + 1504
7616 + 1504
7624 # 1504
7624 - 1504 395
7632 + 1504
7674 # 1504
7674 - 1504 445
7683 # 1504
7683 - 1504 445
7684 # 1504
7684 - 1504 446
7684 # 1504
7684 - 1504 425
7685 # 1504
7685 - 1504 426
7689 + 1504
7689 + 1504
7689 + 1504
7689 + 1504
7689 + 1504
7735 # 1504
7735 - 1504 453
7736 # 1504
7736 - 1504 454
7736 # 1504
7736 - 1504 415
7736 # 1504
7736 - 1504 415
7745 + 1504
7745 + 1504
7745 + 1504
7745 + 1504
7764 # 1504
7764 - 1504 437
7764 # 1504
7764 - 1504 437
7765 # 1504
7765 - 1504 415
7774 # 1504
7774 - 1504 397
7777 + 1504
7777 + 1504
7777 + 1504
7777 + 1504
7784 # 1504
7784 - 1504 407
7784 # 1504
7784 - 1504 378
7786 + 1504
7786 + 1504
7794 # 1504
7794 - 1504 387
7796 + 1504
7796 + 1504
7804 # 1504
7804 - 1504 391
7848 + 1504
7848 + 1504
7854 # 1504
7854 - 1504 441
7854 # 1504
7854 - 1504 414
7855 # 1504
7855 - 1504 415
7855 # 1504
7855 - 1504 415
7855 # 1504
7855 - 1504 397
7858 + 1504
7858 + 1504
7858 + 1504
7858 + 1504
7904 # 1504
7904 - 1504 446
7907 + 1504
7907 + 1504
7914 # 1504
7914 - 1504 441
7914 # 1504
7914 - 1504 441
7931 + 1504
7931 + 1504
7934 # 1504
7934 - 1504 418
7935 # 1504
7935 - 1504 419
7935 # 1504
7935 - 1504 417
7946 # 1504
7946 - 1504 428
7947 + 1504
7947 + 1504
7947 + 1504
7947 + 1504
7952 + 1504
7954 # 1504
7954 - 1504 384
7964 # 1504
7964 - 1504 394
7966 + 1504
7967 + 1504
7974 # 1504
7974 - 1504 394
8016 + 1504
8024 # 1504
8024 - 1504 444
8025 # 1504
8025 - 1504 438
8025 # 1504
8025 - 1504 438
8025 # 1504
8025 - 1504 419
8025 # 1504
8025 - 1504 419
8026 + 1504
8027 + 1504
8027 + 1504
8027 + 1504
8027 + 1504
8035 # 1504
8035 - 1504 419
8079 + 1504
8079 + 1504
8084 # 1504
8084 - 1504 468
8084 # 1504
8084 - 1504 452
8084 # 1504
8084 - 1504 395
8085 # 1504
8085 - 1504 396
8085 # 1504
8085 - 1504 396
8087 + 1504
8087 + 1504
8087 + 1504
8087 + 1504
8087 + 1504
8087 + 1504
8094 # 1504
8094 - 1504 405
8105 # 1504
8105 - 1504 416
8117 + 1504
8117 + 1504
8154 # 1504
8154 - 1504 409
8164 # 1504
8164 - 1504 419
8164 # 1504
8164 - 1504 419
8165 # 1504
8165 - 1504 420
8165 # 1504
8165 - 1504 388
8166 + 1504
8166 + 1504
8169 + 1504
8169 + 1504
8174 # 1504
8174 - 1504 397
8176 + 1504
8176 + 1504
8184 # 1504
8184 - 1504 407
8194 # 1504
8194 - 1504 417
8195 # 1504
8195 - 1504 409
8204 # 1504
8204 - 1504 418
8204 + 1504
8204 + 1504
8207 + 1504
8207 + 1504
8214 # 1504
8214 - 1504 418
8224 # 1504
8224 - 1504 428
8234 # 1504
8234 - 1504 386
8236 + 1504
8236 + 1504
8236 + 1504
8236 + 1504
8244 # 1504
8244 - 1504 396
8246 + 1504
8246 + 1504
8253 # 1504
8253 - 1504 395
8254 # 1504
8254 - 1504 396
8264 # 1504
8264 - 1504 406
8265 + 1504
8265 + 1504
8274 # 1504
8274 - 1504 416
8278 + 1504
8278 + 1504
8324 # 1504
8324 - 1504 417
8324 # 1504
8324 - 1504 417
8325 # 1504
8325 - 1504 394
8325 # 1504
8325 - 1504 394
8326 + 1504
8326 + 1504
8326 + 1504
8330 + 1504
8330 + 1504
8354 # 1504
8354 - 1504 407
8354 # 1504
8354 - 1504 407
8355 # 1504
8355 - 1504 408
8357 + 1504
8357 + 1504
8364 # 1504
8364 - 1504 417
8370 + 1504
8371 + 1504
8414 # 1504
8414 - 1504 462
8414 # 1504
8414 - 1504 448
8417 + 1504
8417 + 1504
8424 # 1504
8424 - 1504 457
8424 # 1504
8424 - 1504 408
8424 # 1504
8424 - 1504 398
8427 + 1504
8427 + 1504
8434 # 1504
8434 - 1504 407
8436 + 1504
8436 + 1504
8436 + 1504
8436 + 1504
8444 # 1504
8444 - 1504 417
8448 + 1504
8494 # 1504
8494 - 1504 467
8494 # 1504
8494 - 1504 467
8494 # 1504
8494 - 1504 415
8495 # 1504
8495 - 1504 416
8495 # 1504
8495 - 1504 408
8497 + 1504
8497 + 1504
8497 + 1504
8497 + 1504
8497 + 1504
8504 # 1504
8504 - 1504 417
8506 + 1504
8507 + 1504
8515 # 1504
8515 - 1504 428
8515 # 1504
8515 - 1504 428
8516 + 1504
8524 # 1504
8524 - 1504 437
8538 + 1504
8538 + 1504
8574 # 1504
8574 - 1504 487
8574 # 1504
8574 - 1504 457
8574 # 1504
8574 - 1504 457
8575 # 1504
8575 - 1504 409
8575 # 1504
8575 - 1504 409
8584 # 1504
8584 - 1504 415
8594 # 1504
8594 - 1504 425
8597 + 1504
8597 + 1504
8597 + 1504
8597 + 1504
8597 + 1504
8597 + 1504
8597 + 1504
8597 + 1504
8604 # 1504
8604 - 1504 428
8614 # 1504
8614 - 1504 438
8616 + 1504
8616 + 1504
8624 # 1504
8624 - 1504 420
8634 # 1504
8634 - 1504 430
8634 # 1504
8634 - 1504 427
8637 + 1504
8637 + 1504
8687 + 1504
8687 + 1504
8688 # 1504
8688 - 1504 481
8688 # 1504
8688 - 1504 452
8689 # 1504
8689 - 1504 453
8695 + 1504
8695 + 1504
8695 + 1504
8695 + 1504
8714 # 1504
8714 - 1504 478
8714 # 1504
8714 - 1504 478
8715 # 1504
8715 - 1504 469
8715 # 1504
8715 - 1504 469
8718 + 1504
8718 + 1504
8718 + 1504
8718 + 1504
8718 + 1504
8724 # 1504
8724 - 1504 459
8734 # 1504
8734 - 1504 469
8739 + 1504
8739 + 1504
8744 # 1504
8744 - 1504 466
8754 # 1504
8754 - 1504 476
8760 + 1504
8761 + 1504
8804 # 1504
8804 - 1504 478
8804 # 1504
8804 - 1504 478
8805 # 1504
8805 - 1504 479
8805 # 1504
8805 - 1504 475
8810 + 1504
8810 + 1504
8811 + 1504
8811 + 1504
8834 # 1504
8834 - 1504 504
8837 + 1504
8837 + 1504
8854 # 1504
8854 - 1504 497
8864 # 1504
8864 - 1504 507
8865 # 1504
8865 - 1504 495
8865 # 1504
8865 - 1504 494
8867 + 1504
8867 + 1504
8867 + 1504
8867 + 1504
8875 # 1504
8875 - 1504 458
8884 # 1504
8884 - 1504 467
8889 + 1504
8889 + 1504
8889 + 1504
8889 + 1504
8895 # 1504
8895 - 1504 468
8904 # 1504
8904 - 1504 477
8907 + 1504
8907 + 1504
8954 # 1504
8954 - 1504 518
8954 # 1504
8954 - 1504 518
8954 # 1504
8954 - 1504 518
8955 # 1504
8955 - 1504 519
8955 # 1504
8955 - 1504 507
8959 + 1504
8959 + 1504
8959 + 1504
8959 + 1504
8964 # 1504
8964 - 1504 467
8969 + 1504
8969 + 1504
8969 + 1504
8969 + 1504
9015 # 1504
9015 - 1504 518
9015 # 1504
9015 - 1504 518
9017 + 1504
9017 + 1504
9024 # 1504
9024 - 1504 527
9024 # 1504
9024 - 1504 527
9035 + 1504
9035 + 1504
9044 # 1504
9044 - 1504 538
9044 # 1504
9044 - 1504 537
9048 + 1504
9048 + 1504
9054 # 1504
9054 - 1504 538
9054 # 1504
9054 - 1504 516
9058 + 1504
9058 + 1504
9064 # 1504
9064 - 1504 526
9067 + 1504
9067 + 1504
9074 # 1504
9074 - 1504 477
9084 # 1504
9084 - 1504 487
9086 + 1504
9086 + 1504
9134 # 1504
9134 - 1504 537
9134 # 1504
9134 - 1504 537
9137 + 1504
9137 + 1504
9154 # 1504
9154 - 1504 557
9154 # 1504
9154 - 1504 557
9154 # 1504
9154 - 1504 557
9155 # 1504
9155 - 1504 558
9156 + 1504
9157 + 1504
9157 + 1504
9157 + 1504
9159 + 1504
9159 + 1504
9164 # 1504
9164 - 1504 548
9174 # 1504
9174 - 1504 558
9178 + 1504
9178 + 1504
9184 # 1504
9184 - 1504 547
9184 # 1504
9184 - 1504 547
9189 + 1504
9189 + 1504
9194 # 1504
9194 - 1504 507
9204 # 1504
9204 - 1504 517
9206 + 1504
9206 + 1504
9206 + 1504
9206 + 1504
9254 # 1504
9254 - 1504 559
9254 # 1504
9254 - 1504 559
9255 # 1504
9255 - 1504 560
9257 + 1504
9257 + 1504
9257 + 1504
9257 + 1504
9284 # 1504
9284 - 1504 589
9284 # 1504
9284 - 1504 566
9284 # 1504
9284 - 1504 566
9284 # 1504
9284 - 1504 566
9287 + 1504
9287 + 1504
9287 + 1504
9287 + 1504
9294 # 1504
9294 - 1504 576
9304 # 1504
9304 - 1504 586
9306 + 1504
9306 + 1504
9354 # 1504
9354 - 1504 615
9354 # 1504
9354 - 1504 615
9355 # 1504
9355 - 1504 594
9359 + 1504
9359 + 1504
9359 + 1504
9359 + 1504
9366 + 1504
9374 # 1504
9374 - 1504 564
9377 + 1504
9378 # 1504
9378 - 1504 568
9381 + 1504
9404 # 1504
9404 - 1504 593
9404 # 1504
9404 - 1504 593
9405 # 1504
9405 - 1504 568
9405 # 1504
9405 - 1504 568
9408 + 1504
9408 + 1504
9455 # 1504
9455 - 1504 588
9455 # 1504
9455 - 1504 588
9456 # 1504
9456 - 1504 589
9456 # 1504
9456 - 1504 567
9459 + 1504
9459 + 1504
9459 + 1504
9464 # 1504
9464 - 1504 575
9464 # 1504
9464 - 1504 575
9468 + 1504
9474 # 1504
9474 - 1504 585
9478 + 1504
9484 # 1504
9484 - 1504 577
9494 + 1504
9495 # 1504
9495 - 1504 588
9499 + 1504
9504 # 1504
9504 - 1504 545
9514 # 1504
9514 - 1504 555
9522 + 1504
9524 # 1504
9524 - 1504 565
9524 # 1504
9524 - 1504 565
9534 # 1504
9534 - 1504 565
9534 + 1504
9539 + 1504
9544 # 1504
9544 - 1504 575
9547 + 1504
9554 # 1504
9554 - 1504 585
9564 # 1504
9564 - 1504 547
9574 # 1504
9574 - 1504 557
9574 # 1504
9574 - 1504 539
9575 + 1504
9583 + 1504
9584 # 1504
9584 - 1504 549
9588 + 1504
9634 # 1504
9634 - 1504 586
9638 + 1504
9644 # 1504
9644 - 1504 586
9644 # 1504
9644 - 1504 577
9645 # 1504
9645 - 1504 578
9645 # 1504
9645 - 1504 559
9647 + 1504
9649 + 1504
9649 + 1504
9654 # 1504
9654 - 1504 568
9704 # 1504
9704 - 1504 567
9704 # 1504
9704 - 1504 567
9705 # 1504
9705 - 1504 548
9708 + 1504
9708 + 1504
9734 # 1504
9734 - 1504 577
9734 # 1504
9734 - 1504 577
9735 # 1504
9735 - 1504 576
9740 + 1504
9740 + 1504
9764 # 1504
9764 - 1504 586
9764 # 1504
9764 - 1504 586
9765 # 1504
9765 - 1504 576
9774 # 1504
9774 - 1504 568
9783 + 1504
9783 + 1504
9783 + 1504
9784 # 1504
9784 - 1504 578
9784 # 1504
9784 - 1504 578
9787 + 1504
9787 + 1504
9794 # 1504
9794 - 1504 588
9804 # 1504
9804 - 1504 547
9806 + 1504
9808 + 1504
9814 # 1504
9814 - 1504 557
9817 + 1504
9817 + 1504
9824 # 1504
9824 - 1504 567
9827 + 1504
9874 # 1504
9874 - 1504 587
9874 # 1504
9874 - 1504 587
9879 # 1504
9879 - 1504 573
9879 + 1504
9894 # 1504
9894 - 1504 588
9894 + 1504
9895 + 1504
9895 + 1504
9895 + 1504
9897 + 1504
9904 # 1504
9904 - 1504 545
9920 + 1504
9924 # 1504
9924 - 1504 565
9925 # 1504
9925 - 1504 566
9927 + 1504
9927 + 1504
9928 + 1504
9934 # 1504
9934 - 1504 557
9934 # 1504
9934 - 1504 553
9937 + 1504
9937 + 1504
9937 + 1504
9944 # 1504
9944 - 1504 536
9954 # 1504
9954 - 1504 546
9960 + 1504
9960 + 1504
9964 # 1504
9964 - 1504 505
9967 + 1504
9967 + 1504
9974 # 1504
9974 - 1504 515
9979 + 1504
9984 # 1504
9984 - 1504 516
9984 # 1504
9984 - 1504 506
9988 + 1504
9988 + 1504
10035 # 1504
10035 - 1504 541
10036 # 1504
10036 - 1504 537
10036 # 1504
10036 - 1504 514
10036 # 1504
10036 - 1504 502
10042 + 1504
10042 + 1504
10042 + 1504
10042 + 1504
10044 # 1504
10044 - 1504 505
10047 + 1504
10054 # 1504
10054 - 1504 507
10054 # 1504
10054 - 1504 479
10061 + 1504
10064 # 1504
10064 - 1504 481
10066 + 1504
10066 + 1504
10075 # 1504
10075 - 1504 487
10087 + 1504
10124 # 1504
10124 - 1504 486
10124 # 1504
10124 - 1504 477
10125 # 1504
10125 - 1504 476
10125 # 1504
10125 - 1504 476
10126 + 1504
10126 + 1504
10126 + 1504
10126 + 1504
10154 # 1504
10154 - 1504 446
10158 + 1504
10174 # 1504
10174 - 1504 466
10174 # 1504
10174 - 1504 434
10176 # 1504
10176 - 1504 436
10178 + 1504
10178 + 1504
10178 + 1504
10184 # 1504
10184 - 1504 401
10187 + 1504
10194 # 1504
10194 - 1504 411
10194 # 1504
10194 - 1504 411
10199 + 1504
10199 + 1504
10204 # 1504
10204 - 1504 417
10214 # 1504
10214 - 1504 427
10215 + 1504
10217 + 1504
10264 # 1504
10264 - 1504 458
10267 + 1504
10275 # 1504
10275 - 1504 467
10276 # 1504
10276 - 1504 459
10276 # 1504
10276 - 1504 459
10276 # 1504
10276 - 1504 449
10279 + 1504
10279 + 1504
10279 + 1504
10324 # 1504
10324 - 1504 445
10324 # 1504
10324 - 1504 430
10325 # 1504
10325 - 1504 430
10326 # 1504
10326 - 1504 431
10334 # 1504
10334 - 1504 439
10334 # 1504
10334 - 1504 437
10344 # 1504
10344 - 1504 424
10354 # 1504
10354 - 1504 427
10364 # 1504
10364 - 1504 437
10374 # 1504
10374 - 1504 446
10384 # 1504
10384 - 1504 447
10384 # 1504
10384 - 1504 447
10394 # 1504
10394 - 1504 457
10405 # 1504
10405 - 1504 445
10415 # 1504
10415 - 1504 455
10424 # 1504
10424 - 1504 457
10427 + 1504
10427 + 1504
10427 + 1504
10427 + 1504
10427 + 1504
10427 + 1504
10427 + 1504
10427 + 1504
10427 + 1504
10427 + 1504
10427 + 1504
10427 + 1504
10427 + 1504
10427 + 1504
10427 + 1504
10427 + 1504
10434 # 1504
10434 - 1504 467
10444 # 1504
10444 - 1504 465
10444 # 1504
10444 - 1504 456
10447 + 1504
10447 + 1504
10488 + 1504
10488 + 1504
10494 # 1504
10494 - 1504 506
10494 # 1504
10494 - 1504 452
10503 + 1504
10503 + 1504
10514 # 1504
10514 - 1504 472
10524 # 1504
10524 - 1504 482
10526 + 1504
10526 + 1504
10544 # 1504
10544 - 1504 502
10544 # 1504
10544 - 1504 497
10547 + 1504
10547 + 1504
10574 # 1504
10574 - 1504 513
10574 # 1504
10574 - 1504 508
10577 + 1504
10577 + 1504
10604 # 1504
10604 - 1504 538
10604 # 1504
10604 - 1504 517
10605 # 1504
10605 - 1504 479
10605 # 1504
10605 - 1504 479
10614 # 1504
10614 - 1504 488
10615 + 1504
10615 + 1504
10615 + 1504
10615 + 1504
10615 + 1504
10615 + 1504
10624 # 1504
10624 - 1504 498
10638 # 1504
10638 - 1504 480
10641 + 1504
10641 + 1504
10644 # 1504
10644 - 1504 466
10654 # 1504
10654 - 1504 476
10657 + 1504
10657 + 1504
10664 # 1504
10664 - 1504 486
10664 # 1504
10664 - 1504 477
10668 + 1504
10668 + 1504
10674 # 1504
10674 - 1504 475
10684 # 1504
10684 - 1504 485
10689 + 1504
10689 + 1504
10689 + 1504
10694 # 1504
10694 - 1504 479
10705 # 1504
10705 - 1504 488
10709 + 1504
10709 + 1504
10714 # 1504
10714 - 1504 447
10724 # 1504
10724 - 1504 445
10724 # 1504
10724 - 1504 445
10732 + 1504
10732 + 1504
10734 # 1504
10734 - 1504 455
10735 + 1504
10735 + 1504
10744 # 1504
10744 - 1504 317
10754 # 1504
10754 - 1504 327
10757 + 1504
10757 + 1504
10804 # 1504
10804 - 1504 377
10814 # 1504
10814 - 1504 387
10814 # 1504
10814 - 1504 387
10819 + 1504
10819 + 1504
10825 # 1504
10825 - 1504 398
10825 # 1504
10825 - 1504 398
10826 + 1504
10826 + 1504
10872 + 1504
10872 + 1504
10874 # 1504
10874 - 1504 447
10877 + 1504
10884 # 1504
10884 - 1504 457
10894 # 1504
10894 - 1504 467
10894 # 1504
10894 - 1504 467
10895 # 1504
10895 - 1504 468
10895 + 1504
10901 + 1504
10901 + 1504
10901 + 1504
10904 # 1504
10904 - 1504 477
10914 # 1504
10914 - 1504 487
10921 + 1504
10921 + 1504
10924 # 1504
10924 - 1504 497
10927 + 1504
10927 + 1504
10934 # 1504
10934 - 1504 507
10938 + 1504
10984 # 1504
10984 - 1504 537
10984 # 1504
10984 - 1504 537
10984 # 1504
10984 - 1504 496
10985 # 1504
10985 - 1504 497
10986 + 1504
10986 + 1504
10986 + 1504
11014 # 1504
11014 - 1504 511
11016 + 1504
11017 + 1504
11034 # 1504
11034 - 1504 531
11034 # 1504
11034 - 1504 508
11034 # 1504
11034 - 1504 508
11035 # 1504
11035 - 1504 488
11040 + 1504
11040 + 1504
11040 + 1504
11040 + 1504
11044 # 1504
11044 - 1504 497
11047 + 1504
11047 + 1504
11054 # 1504
11054 - 1504 477
11058 + 1504
11064 # 1504
11064 - 1504 487
11069 + 1504
11114 # 1504
11114 - 1504 499
11115 # 1504
11115 - 1504 500
11115 # 1504
11115 - 1504 500
11115 # 1504
11115 - 1504 500
11115 # 1504
11115 - 1504 500
11118 + 1504
11118 + 1504
11118 + 1504
11118 + 1504
11118 + 1504
11125 # 1504
11125 - 1504 510
11134 # 1504
11134 - 1504 493
11134 + 1504
11134 + 1504
11136 + 1504
11144 # 1504
11144 - 1504 503
11145 # 1504
11145 - 1504 488
11147 + 1504
11154 # 1504
11154 - 1504 497
11157 + 1504
11157 + 1504
11164 # 1504
11164 - 1504 496
11174 # 1504
11174 - 1504 506
11175 + 1504
11177 + 1504
11184 # 1504
11184 - 1504 495
11188 + 1504
11188 + 1504
11194 # 1504
11194 - 1504 505
11194 # 1504
11194 - 1504 505
11206 + 1504
11208 # 1504
11208 - 1504 499
11214 # 1504
11214 - 1504 505
11227 + 1504
11227 + 1504
11264 # 1504
11264 - 1504 532
11274 # 1504
11274 - 1504 542
11274 # 1504
11274 - 1504 539
11281 + 1504
11281 + 1504
11281 + 1504
11281 + 1504
11294 # 1504
11294 - 1504 559
11294 # 1504
11294 - 1504 537
11295 # 1504
11295 - 1504 538
11299 + 1504
11299 + 1504
11299 + 1504
11304 # 1504
11304 - 1504 485
11306 + 1504
11306 + 1504
11314 # 1504
11314 - 1504 495
11316 + 1504
11324 # 1504
11324 - 1504 498
11330 + 1504
11334 # 1504
11334 - 1504 508
11334 # 1504
11334 - 1504 462
11337 + 1504
11344 # 1504
11344 - 1504 472
11346 + 1504
11346 + 1504
11354 # 1504
11354 - 1504 477
11357 + 1504
11405 # 1504
11405 - 1504 510
11405 # 1504
11405 - 1504 504
11406 # 1504
11406 - 1504 505
11415 + 1504
11415 + 1504
11415 + 1504
11434 # 1504
11434 - 1504 533
11434 # 1504
11434 - 1504 513
11446 + 1504
11446 + 1504
11454 # 1504
11454 - 1504 533
11454 # 1504
11454 - 1504 527
11456 # 1504
11456 - 1504 529
11458 + 1504
11458 + 1504
11458 + 1504
11458 + 1504
11464 # 1504
11464 - 1504 526
11467 + 1504
11514 # 1504
11514 - 1504 528
11514 # 1504
11514 - 1504 528
11514 # 1504
11514 - 1504 528
11515 + 1504
11521 + 1504
11534 # 1504
11534 - 1504 518
11534 # 1504
11534 - 1504 517
11534 # 1504
11534 - 1504 494
11536 + 1504
11536 + 1504
11536 + 1504
11536 + 1504
11544 # 1504
11544 - 1504 504
11548 + 1504
11548 + 1504
11554 # 1504
11554 - 1504 514
11554 # 1504
11554 - 1504 514
11558 + 1504
11564 # 1504
11564 - 1504 517
11574 # 1504
11574 - 1504 527
11574 + 1504
11574 + 1504
11577 + 1504
11584 # 1504
11584 - 1504 526
11596 + 1504
11634 # 1504
11634 - 1504 565
11634 # 1504
11634 - 1504 516
11635 # 1504
11635 - 1504 517
11635 # 1504
11635 - 1504 517
11635 # 1504
11635 - 1504 517
11641 + 1504
11641 + 1504
11641 + 1504
11641 + 1504
11641 + 1504
11644 # 1504
11644 - 1504 526
11649 + 1504
11649 + 1504
11654 # 1504
11654 - 1504 520
11656 + 1504
11664 # 1504
11664 - 1504 530
11666 + 1504
11673 # 1504
11673 - 1504 537
11674 # 1504
11674 - 1504 527
11684 # 1504
11684 - 1504 527
11689 + 1504
11689 + 1504
11689 + 1504
11694 # 1504
11694 - 1504 537
11697 + 1504
11704 # 1504
11704 - 1504 529
11708 + 1504
11714 # 1504
11714 - 1504 537
11716 + 1504
11764 # 1504
11764 - 1504 576
11764 # 1504
11764 - 1504 576
11774 # 1504
11774 - 1504 547
11774 # 1504
11774 - 1504 547
11775 + 1504
11775 + 1504
11775 + 1504
11776 + 1504
11776 + 1504
11794 # 1504
11794 - 1504 513
11798 + 1504
11799 # 1504
11799 - 1504 518
11844 # 1504
11844 - 1504 563
11844 # 1504
11844 - 1504 563
11854 # 1504
11854 - 1504 555
11854 # 1504
11854 - 1504 555
11855 # 1504
11855 - 1504 556
11856 + 1504
11856 + 1504
11856 + 1504
11858 + 1504
11865 # 1504
11865 - 1504 559
11874 # 1504
11874 - 1504 568
11876 + 1504
11884 # 1504
11884 - 1504 568
11884 # 1504
11884 - 1504 554
11887 + 1504
11887 + 1504
11894 # 1504
11894 - 1504 557
11944 # 1504
11944 - 1504 598
11944 # 1504
11944 - 1504 587
11945 # 1504
11945 - 1504 530
11947 + 1504
11947 + 1504
11974 # 1504
11974 - 1504 559
11974 # 1504
11974 - 1504 559
11984 + 1504
11984 + 1504
11995 # 1504
11995 - 1504 549
11995 # 1504
11995 - 1504 549
11996 # 1504
11996 - 1504 538
12010 + 1504
12010 + 1504
12044 # 1504
12044 - 1504 586
12054 # 1504
12054 - 1504 596
12054 # 1504
12054 - 1504 587
12054 # 1504
12054 - 1504 539
12055 # 1504
12055 - 1504 534
12063 + 1504
12063 + 1504
12063 + 1504
12064 # 1504
12064 - 1504 528
12067 + 1504
12074 # 1504
12074 - 1504 538
12077 + 1504
12124 # 1504
12124 - 1504 588
12124 # 1504
12124 - 1504 576
12125 # 1504
12125 - 1504 567
12125 # 1504
12125 - 1504 551
12125 # 1504
12125 - 1504 551
12127 + 1504
12127 + 1504
12127 + 1504
12134 # 1504
12134 - 1504 557
12138 + 1504
12144 # 1504
12144 - 1504 548
12145 + 1504
12154 # 1504
12154 - 1504 513
12164 # 1504
12164 - 1504 523
12164 # 1504
12164 - 1504 523
12174 # 1504
12174 - 1504 533
12178 + 1504
12178 + 1504
12184 # 1504
12184 - 1504 543
12194 # 1504
12194 - 1504 545
12196 + 1504
12204 # 1504
12204 - 1504 555
12214 # 1504
12214 - 1504 558
12214 # 1504
12214 - 1504 548
12216 + 1504
12216 + 1504
12216 + 1504
12224 # 1504
12224 - 1504 535
12227 + 1504
12234 # 1504
12234 - 1504 545
12244 # 1504
12244 - 1504 555
12250 + 1504
12250 + 1504
12294 # 1504
12294 - 1504 597
12295 # 1504
12295 - 1504 587
12295 # 1504
12295 - 1504 520
12295 # 1504
12295 - 1504 520
12296 + 1504
12298 + 1504
12298 + 1504
12298 + 1504
12298 + 1504
12300 # 1504
12300 - 1504 525
12303 + 1504
12304 # 1504
12304 - 1504 528
12307 + 1504
12354 # 1504
12354 - 1504 578
12354 # 1504
12354 - 1504 556
12355 # 1504
12355 - 1504 499
12355 # 1504
12355 - 1504 499
12356 + 1504
12356 + 1504
12357 + 1504
12357 + 1504
12357 + 1504
12384 # 1504
12384 - 1504 526
12386 + 1504
12405 # 1504
12405 - 1504 529
12405 # 1504
12405 - 1504 518
12413 + 1504
12413 + 1504
12434 # 1504
12434 - 1504 547
12436 + 1504
12454 # 1504
12454 - 1504 507
12454 # 1504
12454 - 1504 507
12456 + 1504
12456 + 1504
12464 # 1504
12464 - 1504 480
12466 # 1504
12466 - 1504 482
12467 + 1504
12471 + 1504
12474 # 1504
12474 - 1504 464
12477 + 1504
12484 # 1504
12484 - 1504 474
12493 + 1504
12494 # 1504
12494 - 1504 431
12497 + 1504
12504 # 1504
12504 - 1504 441
12504 # 1504
12504 - 1504 441
12508 + 1504
12508 + 1504
12514 # 1504
12514 - 1504 447
12516 + 1504
12524 # 1504
12524 - 1504 447
12534 # 1504
12534 - 1504 407
12534 + 1504
12536 + 1504
12544 # 1504
12544 - 1504 417
12547 + 1504
12594 # 1504
12594 - 1504 467
12594 # 1504
12594 - 1504 456
12594 # 1504
12594 - 1504 449
12595 # 1504
12595 - 1504 417
12595 # 1504
12595 - 1504 417
12597 + 1504
12597 + 1504
12597 + 1504
12597 + 1504
12597 + 1504
12604 # 1504
12604 - 1504 408
12607 + 1504
12614 # 1504
12614 - 1504 398
12624 # 1504
12624 - 1504 408
12624 # 1504
12624 - 1504 408
12625 + 1504
12625 + 1504
12627 + 1504
12634 # 1504
12634 - 1504 407
12644 # 1504
12644 - 1504 394
12649 + 1504
12649 + 1504
12654 # 1504
12654 - 1504 404
12660 + 1504
12704 # 1504
12704 - 1504 408
12705 # 1504
12705 - 1504 407
12705 # 1504
12705 - 1504 407
12705 # 1504
12705 - 1504 407
12707 + 1504
12707 + 1504
12707 + 1504
12707 + 1504
12734 # 1504
12734 - 1504 436
12737 + 1504
12754 # 1504
12754 - 1504 451
12754 # 1504
12754 - 1504 447
12755 # 1504
12755 - 1504 399
12755 # 1504
12755 - 1504 399
12764 # 1504
12764 - 1504 407
12768 + 1504
12768 + 1504
12768 + 1504
12774 # 1504
12774 - 1504 417
12777 + 1504
12784 # 1504
12784 - 1504 427
12794 # 1504
12794 - 1504 408
12797 + 1504
12808 # 1504
12808 - 1504 395
12812 + 1504
12814 # 1504
12814 - 1504 401
12814 # 1504
12814 - 1504 378
12824 # 1504
12824 - 1504 368
12830 + 1504
12830 + 1504
12834 # 1504
12834 - 1504 378
12844 # 1504
12844 - 1504 377
12846 + 1504
12894 # 1504
12894 - 1504 423
12894 # 1504
12894 - 1504 417
12894 # 1504
12894 - 1504 401
12896 # 1504
12896 - 1504 399
12897 + 1504
12897 + 1504
12900 + 1504
12924 # 1504
12924 - 1504 416
12924 # 1504
12924 - 1504 416
12940 + 1504
12954 # 1504
12954 - 1504 438
12954 # 1504
12954 - 1504 420
12955 # 1504
12955 - 1504 419
12955 # 1504
12955 - 1504 408
12956 + 1504
12956 + 1504
12965 # 1504
12965 - 1504 368
12970 + 1504
12970 + 1504
12974 # 1504
12974 - 1504 377
12984 # 1504
12984 - 1504 387
12987 + 1504
12994 # 1504
12994 - 1504 397
12996 + 1504
13004 # 1504
13004 - 1504 407
13004 # 1504
13004 - 1504 397
13012 + 1504
13014 # 1504
13014 - 1504 389
13024 # 1504
13024 - 1504 399
13025 + 1504
13034 # 1504
13034 - 1504 407
13037 + 1504
13044 # 1504
13044 - 1504 395
13054 # 1504
13054 - 1504 405
13054 + 1504
13064 # 1504
13064 - 1504 404
13064 # 1504
13064 - 1504 357
13069 + 1504
13074 # 1504
13074 - 1504 367
13076 + 1504
13123 + 52
13125 # 1504
13125 - 1504 418
13128 + 1504
13134 # 1504
13134 - 1504 427
13134 # 1504
13134 - 1504 397
13136 + 1504
13154 # 1504
13154 - 1504 386
13154 # 1504
13154 - 1504 386
13157 + 1504
13157 + 1504
13184 # 1504
13184 - 1504 416
13187 + 1504
13187 + 1504
13204 # 1504
13204 - 1504 427
13204 # 1504
13204 - 1504 407
13208 + 1504
13234 # 1504
13234 - 1504 422
13239 + 1504
13239 + 1504
13254 # 1504
13254 - 1504 424
13254 # 1504
13254 - 1504 424
13254 # 1504
13254 - 1504 408
13255 # 1504
13255 - 1504 358
13256 + 1504
13257 + 1504
13257 + 1504
13257 + 1504
13258 + 1504
13264 # 1504
13264 - 1504 367
13267 + 1504
13278 # 1504
13278 - 1504 378
13280 + 1504
13284 # 1504
13284 - 1504 344
13287 + 1504
13294 # 1504
13294 - 1504 338
13294 # 1504
13294 - 1504 338
13304 + 1504
13344 # 1504
13344 - 1504 374
13345 # 1504
13345 - 1504 375
13345 # 1504
13345 - 1504 358
13346 # 1504
13346 - 1504 350
13347 + 1504
13347 + 1504
13347 + 1504
13347 + 1504
13355 # 1504
13355 - 1504 343
13355 # 1504
13355 - 1504 330
13358 + 1504
13358 + 1504
13364 # 1504
13364 - 1504 327
13366 + 1504
13366 + 1504
13414 # 1504
13414 - 1504 360
13417 + 1504
13424 # 1504
13424 - 1504 355
13424 # 1504
13424 - 1504 348
13424 - 52 301
13425 # 1504
13425 - 1504 297
13427 + 1504
13427 + 1504
13427 + 1504
13427 + 1504
13475 # 1504
13475 - 1504 339
13475 # 1504
13475 - 1504 318
13476 # 1504
13476 - 1504 319
13476 # 1504
13476 - 1504 289
13476 # 1504
13476 - 1504 289
13479 + 1504
13479 + 1504
13479 + 1504
13479 + 1504
13479 + 1504
13524 # 1504
13524 - 1504 316
13525 # 1504
13525 - 1504 286
13525 # 1504
13525 - 1504 286
13525 # 1504
13525 - 1504 269
13525 # 1504
13525 - 1504 268
13534 # 1504
13534 - 1504 277
13539 + 1504
13539 + 1504
13539 + 1504
13539 + 1504
13539 + 1504
13544 # 1504
13544 - 1504 287
13550 + 1504
13550 + 1504
13553 # 1504
13553 - 1504 295
13555 + 1504
13564 # 1504
13564 - 1504 297
13566 + 1504
13574 # 1504
13574 - 1504 294
13575 + 1504
13575 + 1504
13583 # 1504
13583 - 1504 296
13587 + 1504
13593 # 1504
13593 - 1504 289
13603 # 1504
13603 - 1504 256
13607 + 1504
13613 # 1504
13613 - 1504 266
13617 + 1504
13617 + 1504
13624 # 1504
13624 - 1504 277
13624 # 1504
13624 - 1504 277
13627 + 1504
13634 # 1504
13634 - 1504 276
13637 + 1504
13637 + 1504
13644 # 1504
13644 - 1504 286
13658 + 1504
13694 # 1504
13694 - 1504 328
13694 # 1504
13694 - 1504 328
13700 + 1504
13714 # 1504
13714 - 1504 297
13714 # 1504
13714 - 1504 287
13720 + 1504
13720 + 1504
13724 # 1504
13724 - 1504 297
13728 + 1504
13728 + 1504
13744 # 1504
13744 - 1504 317
13744 # 1504
13744 - 1504 317
13746 + 1504
13754 # 1504
13754 - 1504 275
13756 + 1504
13756 + 1504
13768 # 1504
13768 - 1504 289
13773 + 1504
13774 # 1504
13774 - 1504 295
13774 # 1504
13774 - 1504 295
13783 + 1504
13784 # 1504
13784 - 1504 305
13784 + 1504
13786 + 1504
13794 # 1504
13794 - 1504 255
13796 + 1504
13804 # 1504
13804 - 1504 265
13807 + 1504
13854 # 1504
13854 - 1504 315
13854 # 1504
13854 - 1504 315
13854 # 1504
13854 - 1504 315
13856 # 1504
13856 - 1504 306
13856 # 1504
13856 - 1504 306
13857 + 1504
13857 + 1504
13857 + 1504
13857 + 1504
13858 + 1504
13904 # 1504
13904 - 1504 349
13908 + 1504
13908 + 1504
13914 # 1504
13914 - 1504 348
13914 # 1504
13914 - 1504 339
13915 # 1504
13915 - 1504 340
13915 # 1504
13915 - 1504 328
13918 + 1504
13918 + 1504
13918 + 1504
13925 # 1504
13925 - 1504 318
13934 # 1504
13934 - 1504 317
13936 + 1504
13936 + 1504
13944 # 1504
13944 - 1504 327
13948 + 1504
13949 + 1504
13954 # 1504
13954 - 1504 327
13957 + 1504
13964 # 1504
13964 - 1504 327
13964 # 1504
13964 - 1504 327
13966 + 1504
13974 # 1504
13974 - 1504 316
13977 + 1504
13977 + 1504
14024 # 1504
14024 - 1504 324
14024 # 1504
14024 - 1504 304
14025 # 1504
14025 - 1504 305
14025 # 1504
14025 - 1504 297
14029 + 1504
14029 + 1504
14029 + 1504
14074 # 1504
14074 - 1504 346
14074 # 1504
14074 - 1504 328
14074 # 1504
14074 - 1504 318
14075 # 1504
14075 - 1504 319
14075 # 1504
14075 - 1504 302
14078 + 1504
14078 + 1504
14078 + 1504
14078 + 1504
14078 + 1504
14078 + 1504
14084 # 1504
14084 - 1504 301
14094 # 1504
14094 - 1504 310
14094 # 1504
14094 - 1504 308
14095 + 1504
14100 + 1504
14104 # 1504
14104 - 1504 308
14106 + 1504
14106 + 1504
14114 # 1504
14114 - 1504 307
14124 # 1504
14124 - 1504 267
14128 + 1504
14128 + 1504
14128 + 1504
14134 # 1504
14134 - 1504 277
14137 + 1504
14144 # 1504
14144 - 1504 287
14144 # 1504
14144 - 1504 287
14147 + 1504
14194 # 1504
14194 - 1504 336
14194 # 1504
14194 - 1504 286
14194 # 1504
14194 - 1504 286
14195 # 1504
14195 - 1504 277
14199 + 1504
14199 + 1504
14199 + 1504
14199 + 1504
14204 # 1504
14204 - 1504 286
14214 # 1504
14214 - 1504 296
14214 # 1504
14214 - 1504 278
14214 + 1504
14214 + 1504
14219 + 1504
14224 # 1504
14224 - 1504 288
14226 + 1504
14226 + 1504
14234 # 1504
14234 - 1504 286
14236 + 1504
14244 # 1504
14244 - 1504 295
14246 + 1504
14254 # 1504
14254 - 1504 297
14264 # 1504
14264 - 1504 298
14265 # 1504
14265 - 1504 288
14272 + 1504
14273 + 1504
14273 + 1504
14314 # 1504
14314 - 1504 337
14317 + 1504
14318 # 1504
14318 - 1504 289
14319 # 1504
14319 - 1504 290
14319 # 1504
14319 - 1504 290
14320 + 1504
14321 + 1504
14364 # 1504
14364 - 1504 286
14374 # 1504
14374 - 1504 296
14374 # 1504
14374 - 1504 296
14375 + 1504
14375 + 1504
14379 + 1504
14384 # 1504
14384 - 1504 306
14384 # 1504
14384 - 1504 306
14387 + 1504
14387 + 1504
14395 # 1504
14395 - 1504 317
14396 + 1504
14396 + 1504
14444 # 1504
14444 - 1504 349
14445 # 1504
14445 - 1504 345
14445 # 1504
14445 - 1504 339
14454 + 1504
14454 + 1504
14454 + 1504
14464 # 1504
14464 - 1504 358
14466 + 1504
14474 # 1504
14474 - 1504 346
14485 + 1504
14494 # 1504
14494 - 1504 366
14495 # 1504
14495 - 1504 367
14498 + 1504
14498 + 1504
14498 + 1504
14504 # 1504
14504 - 1504 367
14507 + 1504
14514 # 1504
14514 - 1504 367
14514 # 1504
14514 - 1504 315
14516 + 1504
14524 # 1504
14524 - 1504 325
14526 + 1504
14526 + 1504
14534 # 1504
14534 - 1504 335
14535 + 1504
14544 # 1504
14544 - 1504 345
14547 + 1504
14594 # 1504
14594 - 1504 380
14595 # 1504
14595 - 1504 381
14595 # 1504
14595 - 1504 376
14595 # 1504
14595 - 1504 369
14595 + 1504
14596 # 1504
14596 - 1504 370
14598 + 1504
14598 + 1504
14598 + 1504
14604 # 1504
14604 - 1504 368
14608 + 1504
14608 + 1504
14654 # 1504
14654 - 1504 408
14654 # 1504
14654 - 1504 382
14654 # 1504
14654 - 1504 381
14655 # 1504
14655 - 1504 382
14655 # 1504
14655 - 1504 338
14662 + 1504
14662 + 1504
14662 + 1504
14662 + 1504
14662 + 1504
14664 # 1504
14664 - 1504 344
14670 + 1504
14674 # 1504
14674 - 1504 353
14678 + 1504
14684 # 1504
14684 - 1504 309
14689 + 1504
14694 # 1504
14694 - 1504 319
14694 # 1504
14694 - 1504 315
14699 + 1504
14704 # 1504
14704 - 1504 317
14707 + 1504
14707 + 1504
14714 # 1504
14714 - 1504 327
14716 + 1504
14724 # 1504
14724 - 1504 328
14727 + 1504
14734 # 1504
14734 - 1504 338
14736 + 1504
14744 # 1504
14744 - 1504 290
14745 # 1504
14745 - 1504 291
14746 + 1504
14747 + 1504
14794 # 1504
14794 - 1504 340
14797 + 1504
14804 # 1504
14804 - 1504 338
14804 # 1504
14804 - 1504 319
14807 + 1504
14824 # 1504
14824 - 1504 326
14825 # 1504
14825 - 1504 327
14826 + 1504
14826 + 1504
14827 + 1504
14833 # 1504
14833 - 1504 335
14834 # 1504
14834 - 1504 327
14836 + 1504
14844 # 1504
14844 - 1504 328
14847 + 1504
14847 + 1504
14858 # 1504
14858 - 1504 332
14861 + 1504
14864 # 1504
14864 - 1504 338
14867 + 1504
14874 # 1504
14874 - 1504 339
14877 + 1504
14884 # 1504
14884 - 1504 337
14884 # 1504
14884 - 1504 289
14894 # 1504
14894 - 1504 296
14894 + 1504
14903 + 1504
14903 + 1504
14904 # 1504
14904 - 1504 306
14907 + 1504
14914 # 1504
14914 - 1504 316
14917 + 1504
14924 # 1504
14924 - 1504 316
14934 # 1504
14934 - 1504 326
14937 + 1504
14944 # 1504
14944 - 1504 282
14944 # 1504
14944 - 1504 282
14946 + 1504
14946 + 1504
14994 # 1504
14994 - 1504 332
15004 # 1504
15004 - 1504 342
15007 + 1504
15007 + 1504
15014 # 1504
15014 - 1504 352
15014 # 1504
15014 - 1504 344
15016 + 1504
15016 + 1504
15025 # 1504
15025 - 1504 347
15025 # 1504
15025 - 1504 336
15026 + 1504
15026 + 1504
15027 + 1504
15034 # 1504
15034 - 1504 335
15048 + 1504
15084 # 1504
15084 - 1504 377
15084 # 1504
15084 - 1504 377
15087 + 1504
15104 # 1504
15104 - 1504 388
15113 + 1504
15113 + 1504
15114 # 1504
15114 - 1504 387
15114 # 1504
15114 - 1504 378
15116 + 1504
15134 # 1504
15134 - 1504 388
15145 + 1504
15145 + 1504
15165 # 1504
15165 - 1504 418
15165 # 1504
15165 - 1504 368
15166 # 1504
15166 - 1504 359
15174 # 1504
15174 - 1504 348
15175 + 1504
15175 + 1504
15175 + 1504
15177 + 1504
15184 # 1504
15184 - 1504 358
15184 # 1504
15184 - 1504 357
15189 + 1504
15189 + 1504
15194 # 1504
15194 - 1504 358
15196 + 1504
15205 # 1504
15205 - 1504 358
15213 + 1504
15214 # 1504
15214 - 1504 367
15216 + 1504
15224 # 1504
15224 - 1504 363
15228 + 1504
15274 # 1504
15274 - 1504 407
15274 # 1504
15274 - 1504 397
15284 # 1504
15284 - 1504 390
15288 + 1504
15288 + 1504
15288 + 1504
15294 # 1504
15294 - 1504 391
15294 # 1504
15294 - 1504 391
15296 + 1504
15344 # 1504
15344 - 1504 437
15344 # 1504
15344 - 1504 427
15345 # 1504
15345 - 1504 408
15345 # 1504
15345 - 1504 399
15345 # 1504
15345 - 1504 399
15346 + 1504
15346 + 1504
15347 + 1504
15347 + 1504
15347 + 1504
15347 + 1504
15354 # 1504
15354 - 1504 347
15356 + 1504
15404 # 1504
15404 - 1504 397
15404 # 1504
15404 - 1504 388
15405 # 1504
15405 - 1504 389
15405 # 1504
15405 - 1504 379
15405 # 1504
15405 - 1504 379
15406 + 1504
15406 + 1504
15406 + 1504
15407 + 1504
15454 # 1504
15454 - 1504 427
15454 # 1504
15454 - 1504 406
15455 # 1504
15455 - 1504 368
15455 # 1504
15455 - 1504 342
15455 # 1504
15455 - 1504 342
15456 + 1504
15456 + 1504
15457 + 1504
15457 + 1504
15457 + 1504
15457 + 1504
15464 # 1504
15464 - 1504 348
15466 + 1504
15478 # 1504
15478 - 1504 333
15480 + 1504
15484 # 1504
15484 - 1504 339
15486 + 1504
15494 # 1504
15494 - 1504 319
15496 + 1504
15504 # 1504
15504 - 1504 329
15512 + 1504
15514 # 1504
15514 - 1504 339
15514 # 1504
15514 - 1504 337
15518 + 1504
15524 # 1504
15524 - 1504 335
15528 + 1504
15528 + 1504
15534 # 1504
15534 - 1504 345
15536 + 1504
15545 # 1504
15545 - 1504 349
15547 + 1504
15554 # 1504
15554 - 1504 341
15555 + 1504
15564 # 1504
15564 - 1504 348
15564 # 1504
15564 - 1504 336
15567 + 1504
15574 # 1504
15574 - 1504 286
15584 # 1504
15584 - 1504 296
15589 + 1504
15589 + 1504
15634 # 1504
15634 - 1504 346
15644 # 1504
15644 - 1504 348
15645 + 1504
15645 + 1504
15648 + 1504
15654 # 1504
15654 - 1504 308
15659 + 1504
15665 # 1504
15665 - 1504 319
15665 # 1504
15665 - 1504 318
15674 # 1504
15674 - 1504 327
15684 # 1504
15684 - 1504 337
15688 + 1504
15688 + 1504
15688 + 1504
15694 # 1504
15694 - 1504 347
15701 + 1504
15701 + 1504
15705 # 1504
15705 - 1504 349
15714 # 1504
15714 - 1504 308
15714 + 1504
15717 + 1504
15723 # 1504
15723 - 1504 317
15724 # 1504
15724 - 1504 318
15734 # 1504
15734 - 1504 327
15735 + 1504
15739 + 1504
15739 + 1504
15744 # 1504
15744 - 1504 288
15747 + 1504
15754 # 1504
15754 - 1504 298
15758 + 1504
15804 # 1504
15804 - 1504 347
15814 # 1504
15814 - 1504 357
15814 # 1504
15814 - 1504 357
15815 + 1504
15817 + 1504
15824 # 1504
15824 - 1504 367
15829 + 1504
15829 + 1504
15834 # 1504
15834 - 1504 368
15837 + 1504
15885 # 1504
15885 - 1504 405
15885 # 1504
15885 - 1504 399
15885 # 1504
15885 - 1504 389
15885 # 1504
15885 - 1504 373
15888 # 1504
15888 - 1504 370
15890 + 1504
15890 + 1504
15890 + 1504
15891 + 1504
15891 + 1504
15895 # 1504
15895 - 1504 367
15899 + 1504
15904 # 1504
15904 - 1504 376
15906 + 1504
15954 # 1504
15954 - 1504 418
15954 # 1504
15954 - 1504 407
15960 + 1504
15974 # 1504
15974 - 1504 419
15974 # 1504
15974 - 1504 407
15978 + 1504
15978 + 1504
15984 # 1504
15984 - 1504 395
15988 + 1504
15988 + 1504
16004 # 1504
16004 - 1504 415
16004 # 1504
16004 - 1504 359
16006 + 1504
16014 # 1504
16014 - 1504 369
16016 + 1504
16016 + 1504
16024 # 1504
16024 - 1504 376
16024 # 1504
16024 - 1504 365
16026 + 1504
16034 # 1504
16034 - 1504 346
16036 + 1504
16036 + 1504
16044 # 1504
16044 - 1504 356
16046 + 1504
16054 # 1504
16054 - 1504 366
16056 + 1504
16064 # 1504
16064 - 1504 363
16066 + 1504
16114 # 1504
16114 - 1504 413
16114 # 1504
16114 - 1504 400
16114 # 1504
16114 - 1504 397
16117 + 1504
16117 + 1504
16117 + 1504
16134 # 1504
16134 - 1504 399
16137 + 1504
16148 # 1504
16148 - 1504 409
16148 # 1504
16148 - 1504 409
16150 + 1504
16194 # 1504
16194 - 1504 447
16196 + 1504
16196 + 1504
16204 # 1504
16204 - 1504 446
16205 # 1504
16205 - 1504 390
16205 # 1504
16205 - 1504 388
16206 # 1504
16206 - 1504 377
16208 + 1504
16208 + 1504
16208 + 1504
16208 + 1504
16214 # 1504
16214 - 1504 385
16218 + 1504
16224 # 1504
16224 - 1504 387
16226 + 1504
16234 # 1504
16234 - 1504 344
16234 # 1504
16234 - 1504 344
16241 + 1504
16244 # 1504
16244 - 1504 354
16247 + 1504
16247 + 1504
16254 # 1504
16254 - 1504 363
16255 + 1504
16264 # 1504
16264 - 1504 373
16266 + 1504
16274 # 1504
16274 - 1504 375
16276 + 1504
16284 # 1504
16284 - 1504 378
16285 + 1504
16294 # 1504
16294 - 1504 334
16294 # 1504
16294 - 1504 316
16298 + 1504
16304 # 1504
16304 - 1504 326
16306 + 1504
16306 + 1504
16354 # 1504
16354 - 1504 366
16354 # 1504
16354 - 1504 366
16355 # 1504
16355 - 1504 349
16355 # 1504
16355 - 1504 339
16355 # 1504
16355 - 1504 339
16356 + 1504
16360 + 1504
16360 + 1504
16360 + 1504
16360 + 1504
16404 # 1504
16404 - 1504 378
16404 # 1504
16404 - 1504 368
16405 # 1504
16405 - 1504 369
16405 # 1504
16405 - 1504 359
16406 + 1504
16408 + 1504
16408 + 1504
16414 # 1504
16414 - 1504 358
16420 + 1504
16420 + 1504
16424 # 1504
16424 - 1504 358
16424 # 1504
16424 - 1504 307
16426 + 1504
16434 # 1504
16434 - 1504 317
16436 + 1504
16436 + 1504
16444 # 1504
16444 - 1504 327
16446 + 1504
16454 # 1504
16454 - 1504 317
16461 + 1504
16464 # 1504
16464 - 1504 314
16466 + 1504
16474 # 1504
16474 - 1504 278
16474 # 1504
16474 - 1504 278
16476 + 1504
16486 # 1504
16486 - 1504 278
16487 + 1504
16487 + 1504
16496 # 1504
16496 - 1504 288
16505 + 1504
16544 # 1504
16544 - 1504 336
16550 + 1504
16554 # 1504
16554 - 1504 346
16554 # 1504
16554 - 1504 336
16554 # 1504
16554 - 1504 328
16556 + 1504
16556 + 1504
16556 + 1504
16574 # 1504
16574 - 1504 333
16576 + 1504
16579 # 1504
16579 - 1504 332
16584 # 1504
16584 - 1504 337
16594 # 1504
16594 - 1504 339
16594 + 1504
16596 + 1504
16596 + 1504
16644 # 1504
16644 - 1504 378
16646 + 1504
16654 # 1504
16654 - 1504 378
16654 # 1504
16654 - 1504 369
16655 # 1504
16655 - 1504 357
16656 # 1504
16656 - 1504 350
16660 + 1504
16660 + 1504
16660 + 1504
16704 # 1504
16704 - 1504 398
16704 # 1504
16704 - 1504 348
16705 # 1504
16705 - 1504 345
16705 # 1504
16705 - 1504 345
16709 + 1504
16709 + 1504
16709 + 1504
16709 + 1504
16734 # 1504
16734 - 1504 374
16736 # 1504
16736 - 1504 376
16736 # 1504
16736 - 1504 330
16737 + 1504
16737 + 1504
16737 + 1504
16737 + 1504
16745 # 1504
16745 - 1504 337
16747 + 1504
16754 # 1504
16754 - 1504 346
16759 + 1504
16805 # 1504
16805 - 1504 385
16805 # 1504
16805 - 1504 385
16806 # 1504
16806 - 1504 380
16806 # 1504
16806 - 1504 370
16807 + 1504
16807 + 1504
16807 + 1504
16808 # 1504
16808 - 1504 372
16812 + 1504
16812 + 1504
16814 # 1504
16814 - 1504 368
16825 # 1504
16825 - 1504 364
16825 # 1504
16825 - 1504 359
16825 + 1504
16829 + 1504
16874 # 1504
16874 - 1504 398
16874 # 1504
16874 - 1504 387
16875 # 1504
16875 - 1504 388
16876 + 1504
16876 + 1504
16876 + 1504
16876 + 1504
16879 + 1504
16904 # 1504
16904 - 1504 399
16904 # 1504
16904 - 1504 354
16905 # 1504
16905 - 1504 349
16905 # 1504
16905 - 1504 349
16905 + 1504
16908 + 1504
16908 + 1504
16908 + 1504
16954 # 1504
16954 - 1504 398
16955 + 1504
16964 # 1504
16964 - 1504 388
16964 # 1504
16964 - 1504 370
16965 # 1504
16965 - 1504 369
16976 + 1504
16976 + 1504
16976 + 1504
17014 # 1504
17014 - 1504 418
17014 # 1504
17014 - 1504 368
17014 # 1504
17014 - 1504 354
17015 # 1504
17015 - 1504 355
17015 # 1504
17015 - 1504 355
17018 + 1504
17018 + 1504
17018 + 1504
17018 + 1504
17018 + 1504
17024 # 1504
17024 - 1504 315
17026 + 1504
17034 # 1504
17034 - 1504 325
17034 # 1504
17034 - 1504 325
17036 + 1504
17044 # 1504
17044 - 1504 335
17047 + 1504
17047 + 1504
17054 # 1504
17054 - 1504 317
17057 + 1504
17064 # 1504
17064 - 1504 327
17073 + 1504
17074 # 1504
17074 - 1504 337
17076 + 1504
17084 # 1504
17084 - 1504 347
17087 + 1504
17094 # 1504
17094 - 1504 347
17094 # 1504
17094 - 1504 335
17096 + 1504
17104 # 1504
17104 - 1504 297
17108 + 1504
17108 + 1504
17114 # 1504
17114 - 1504 307
17122 + 1504
17124 # 1504
17124 - 1504 317
17127 + 1504
17134 # 1504
17134 - 1504 322
17139 + 1504
17148 # 1504
17148 - 1504 336
17148 # 1504
17148 - 1504 323
17150 + 1504
17194 # 1504
17194 - 1504 365
17194 # 1504
17194 - 1504 318
17195 # 1504
17195 - 1504 319
17195 # 1504
17195 - 1504 319
17196 + 1504
17196 + 1504
17198 + 1504
17198 + 1504
17244 # 1504
17244 - 1504 368
17246 + 1504
17246 + 1504
17255 # 1504
17255 - 1504 376
17255 # 1504
17255 - 1504 350
17258 + 1504
17258 + 1504
17264 # 1504
17264 - 1504 356
17264 # 1504
17264 - 1504 356
17266 + 1504
17266 + 1504
17274 # 1504
17274 - 1504 366
17276 + 1504
17276 + 1504
17284 # 1504
17284 - 1504 329
17289 + 1504
17295 # 1504
17295 - 1504 319
17295 # 1504
17295 - 1504 319
17298 + 1504
17304 # 1504
17304 - 1504 328
17307 + 1504
17307 + 1504
17314 # 1504
17314 - 1504 296
17316 + 1504
17324 # 1504
17324 - 1504 306
17326 + 1504
17334 # 1504
17334 - 1504 316
17336 + 1504
17344 # 1504
17344 - 1504 326
17346 + 1504
17354 # 1504
17354 - 1504 336
17354 # 1504
17354 - 1504 328
17359 + 1504
17364 # 1504
17364 - 1504 328
17366 + 1504
17366 + 1504
17375 # 1504
17375 - 1504 328
17377 + 1504
17384 # 1504
17384 - 1504 337
17394 # 1504
17394 - 1504 337
17395 + 1504
17396 + 1504
17404 # 1504
17404 - 1504 331
17404 # 1504
17404 - 1504 328
17408 + 1504
17414 # 1504
17414 - 1504 327
17416 + 1504
17416 + 1504
17424 # 1504
17424 - 1504 328
17428 + 1504
17475 # 1504
17475 - 1504 367
17475 # 1504
17475 - 1504 367
17483 + 1504
17494 # 1504
17494 - 1504 372
17498 + 1504
17498 + 1504
17504 # 1504
17504 - 1504 377
17504 # 1504
17504 - 1504 365
17504 # 1504
17504 - 1504 354
17509 + 1504
17509 + 1504
17509 + 1504
17554 # 1504
17554 - 1504 358
17556 + 1504
17564 # 1504
17564 - 1504 368
17567 + 1504
17574 # 1504
17574 - 1504 376
17575 # 1504
17575 - 1504 377
17575 # 1504
17575 - 1504 329
17578 + 1504
17578 + 1504
17578 + 1504
17624 # 1504
17624 - 1504 378
17634 # 1504
17634 - 1504 376
17636 + 1504
17636 + 1504
17636 + 1504
17644 # 1504
17644 - 1504 386
17644 # 1504
17644 - 1504 378
17660 + 1504
17694 # 1504
17694 - 1504 428
17694 # 1504
17694 - 1504 418
17704 # 1504
17704 - 1504 428
17704 + 1504
17704 + 1504
17706 + 1504
17706 + 1504
17714 # 1504
17714 - 1504 425
17716 + 1504
17724 # 1504
17724 - 1504 426
17727 + 1504
17738 # 1504
17738 - 1504 431
17741 + 1504
17744 # 1504
17744 - 1504 437
17746 + 1504
17754 # 1504
17754 - 1504 438
17754 # 1504
17754 - 1504 428
17757 + 1504
17764 # 1504
17764 - 1504 428
17766 + 1504
17766 + 1504
17774 # 1504
17774 - 1504 428
17776 + 1504
17784 # 1504
17784 - 1504 425
17794 # 1504
17794 - 1504 428
17795 + 1504
17798 + 1504
17804 # 1504
17804 - 1504 438
17804 # 1504
17804 - 1504 427
17807 + 1504
17855 # 1504
17855 - 1504 460
17858 + 1504
17858 + 1504
17865 # 1504
17865 - 1504 469
17866 # 1504
17866 - 1504 458
17869 + 1504
17869 + 1504
17884 # 1504
17884 - 1504 468
17884 # 1504
17884 - 1504 468
17889 + 1504
17889 + 1504
17895 # 1504
17895 - 1504 467
17895 # 1504
17895 - 1504 412
17897 + 1504
17897 + 1504
17904 # 1504
17904 - 1504 406
17905 + 1504
17905 + 1504
17914 # 1504
17914 - 1504 416
17917 + 1504
17924 # 1504
17924 - 1504 415
17928 + 1504
17934 # 1504
17934 - 1504 425
17937 + 1504
17984 # 1504
17984 - 1504 475
17984 # 1504
17984 - 1504 428
17994 # 1504
17994 - 1504 427
17994 + 1504
17996 + 1504
17996 + 1504
18004 # 1504
18004 - 1504 426
18006 + 1504
18014 # 1504
18014 - 1504 436
18016 + 1504
18024 # 1504
18024 - 1504 446
18025 + 1504
18034 # 1504
18034 - 1504 398
18038 + 1504
18044 # 1504
18044 - 1504 408
18044 # 1504
18044 - 1504 408
18048 + 1504
18048 + 1504
18054 # 1504
18054 - 1504 394
18056 + 1504
18056 + 1504
18064 # 1504
18064 - 1504 360
18074 # 1504
18074 - 1504 370
18078 + 1504
18084 # 1504
18084 - 1504 378
18086 + 1504
18086 + 1504
18094 # 1504
18094 - 1504 388
18094 # 1504
18094 - 1504 378
18098 + 1504
18104 # 1504
18104 - 1504 377
18107 + 1504
18107 + 1504
18154 # 1504
18154 - 1504 413
18156 + 1504
18164 # 1504
18164 - 1504 418
18164 # 1504
18164 - 1504 407
18167 + 1504
18184 # 1504
18184 - 1504 418
18184 # 1504
18184 - 1504 418
18185 # 1504
18185 - 1504 409
18186 + 1504
18186 + 1504
18201 + 1504
18201 + 1504
18234 # 1504
18234 - 1504 439
18236 + 1504
18236 + 1504
18239 # 1504
18239 - 1504 441
18239 # 1504
18239 - 1504 432
18239 # 1504
18239 - 1504 381
18242 + 1504
18242 + 1504
18242 + 1504
18244 # 1504
18244 - 1504 386
18244 # 1504
18244 - 1504 375
18247 + 1504
18295 # 1504
18295 - 1504 426
18295 # 1504
18295 - 1504 406
18296 # 1504
18296 - 1504 407
18296 # 1504
18296 - 1504 399
18298 + 1504
18298 + 1504
18298 + 1504
18298 + 1504
18344 # 1504
18344 - 1504 447
18344 # 1504
18344 - 1504 439
18345 # 1504
18345 - 1504 440
18345 # 1504
18345 - 1504 428
18345 # 1504
18345 - 1504 417
18348 + 1504
18349 + 1504
18349 + 1504
18349 + 1504
18349 + 1504
18349 + 1504
18355 # 1504
18355 - 1504 418
18359 + 1504
18359 + 1504
18404 # 1504
18404 - 1504 410
18405 # 1504
18405 - 1504 409
18405 # 1504
18405 - 1504 409
18405 # 1504
18405 - 1504 399
18406 # 1504
18406 - 1504 390
18407 + 1504
18407 + 1504
18407 + 1504
18408 + 1504
18409 + 1504
18455 # 1504
18455 - 1504 430
18455 # 1504
18455 - 1504 417
18456 # 1504
18456 - 1504 408
18456 # 1504
18456 - 1504 408
18456 # 1504
18456 - 1504 400
18459 + 1504
18459 + 1504
18459 + 1504
18459 + 1504
18459 + 1504
18466 # 1504
18466 - 1504 410
18474 # 1504
18474 - 1504 396
18478 + 1504
18478 + 1504
18484 # 1504
18484 - 1504 398
18486 + 1504
18486 + 1504
18494 # 1504
18494 - 1504 408
18497 + 1504
18504 # 1504
18504 - 1504 406
18504 # 1504
18504 - 1504 397
18505 + 1504
18555 # 1504
18555 - 1504 448
18555 # 1504
18555 - 1504 399
18556 # 1504
18556 - 1504 389
18556 # 1504
18556 - 1504 370
18568 + 1504
18569 + 1504
18569 + 1504
18569 + 1504
18604 # 1504
18604 - 1504 418
18604 # 1504
18604 - 1504 403
18607 + 1504
18607 + 1504
18614 # 1504
18614 - 1504 413
18614 # 1504
18614 - 1504 378
18614 # 1504
18614 - 1504 378
18617 + 1504
18617 + 1504
18617 + 1504
18617 + 1504
18628 # 1504
18628 - 1504 386
18632 + 1504
18632 + 1504
18636 # 1504
18636 - 1504 394
18644 # 1504
18644 - 1504 402
18644 # 1504
18644 - 1504 397
18649 + 1504
18649 + 1504
18649 + 1504
18654 # 1504
18654 - 1504 356
18658 + 1504
18664 # 1504
18664 - 1504 366
18668 + 1504
18675 # 1504
18675 - 1504 377
18678 + 1504
18684 # 1504
18684 - 1504 386
18687 + 1504
18694 # 1504
18694 - 1504 346
18694 # 1504
18694 - 1504 345
18695 + 1504
18696 + 1504
18705 # 1504
18705 - 1504 356
18707 + 1504
18714 # 1504
18714 - 1504 365
18717 + 1504
18724 # 1504
18724 - 1504 375
18727 + 1504
18727 + 1504
18734 # 1504
18734 - 1504 385
18744 # 1504
18744 - 1504 385
18744 # 1504
18744 - 1504 385
18747 + 1504
18748 + 1504
18748 + 1504
18754 # 1504
18754 - 1504 347
18764 # 1504
18764 - 1504 357
18767 + 1504
18767 + 1504
18774 # 1504
18774 - 1504 367
18777 + 1504
18785 # 1504
18785 - 1504 377
18794 # 1504
18794 - 1504 385
18799 + 1504
18799 + 1504
18844 # 1504
18844 - 1504 385
18844 # 1504
18844 - 1504 385
18844 # 1504
18844 - 1504 385
18847 + 1504
18848 + 1504
18848 + 1504
18848 + 1504
18864 # 1504
18864 - 1504 405
18874 # 1504
18874 - 1504 415
18878 + 1504
18878 + 1504
18894 # 1504
18894 - 1504 416
18895 # 1504
18895 - 1504 417
18895 # 1504
18895 - 1504 409
18904 # 1504
18904 - 1504 418
18905 + 1504
18905 + 1504
18906 + 1504
18906 + 1504
18914 # 1504
18914 - 1504 417
18958 + 1504
18964 # 1504
18964 - 1504 459
18964 # 1504
18964 - 1504 396
18965 # 1504
18965 - 1504 396
18966 # 1504
18966 - 1504 397
18966 # 1504
18966 - 1504 397
18969 + 1504
18969 + 1504
18969 + 1504
18969 + 1504
18969 + 1504
18969 + 1504
19014 # 1504
19014 - 1504 407
19024 # 1504
19024 - 1504 417
19034 # 1504
19034 - 1504 417
19034 # 1504
19034 - 1504 417
19044 # 1504
19044 - 1504 427
19044 + 1504
19044 + 1504
19044 + 1504
19044 + 1504
19045 # 1504
19045 - 1504 428
19047 + 1504
19047 + 1504
19054 # 1504
19054 - 1504 422
19064 # 1504
19064 - 1504 432
19075 + 1504
19075 + 1504
19114 # 1504
19114 - 1504 465
19114 # 1504
19114 - 1504 465
19115 # 1504
19115 - 1504 466
19115 # 1504
19115 - 1504 457
19115 # 1504
19115 - 1504 447
19119 + 1504
19119 + 1504
19119 + 1504
19119 + 1504
19119 + 1504
19119 + 1504
19128 # 1504
19128 - 1504 450
19134 # 1504
19134 - 1504 447
19136 + 1504
19136 + 1504
19144 # 1504
19144 - 1504 449
19154 # 1504
19154 - 1504 458
19159 + 1504
19159 + 1504
19164 # 1504
19164 - 1504 457
19164 # 1504
19164 - 1504 447
19168 + 1504
19168 + 1504
19174 # 1504
19174 - 1504 447
19184 # 1504
19184 - 1504 457
19189 + 1504
19189 + 1504
19194 # 1504
19194 - 1504 447
19205 # 1504
19205 - 1504 457
19207 + 1504
19207 + 1504
19207 + 1504
19207 + 1504
19214 # 1504
19214 - 1504 466
19217 + 1504
19224 # 1504
19224 - 1504 457
19224 # 1504
19224 - 1504 457
19226 + 1504
19226 + 1504
19234 # 1504
19234 - 1504 457
19284 # 1504
19284 - 1504 485
19284 # 1504
19284 - 1504 485
19285 + 1504
19289 + 1504
19289 + 1504
19304 # 1504
19304 - 1504 457
19316 # 1504
19316 - 1504 468
19316 # 1504
19316 - 1504 468
19328 + 1504
19328 + 1504
19335 # 1504
19335 - 1504 487
19335 # 1504
19335 - 1504 457
19337 + 1504
19337 + 1504
19378 + 1504
19378 + 1504
19384 # 1504
19384 - 1504 506
19384 # 1504
19384 - 1504 479
19386 # 1504
19386 - 1504 481
19388 + 1504
19388 + 1504
19388 + 1504
19414 # 1504
19414 - 1504 508
19414 # 1504
19414 - 1504 508
19414 # 1504
19414 - 1504 456
19422 + 1504
19422 + 1504
19444 # 1504
19444 - 1504 475
19444 # 1504
19444 - 1504 475
19445 # 1504
19445 - 1504 476
19446 + 1504
19446 + 1504
19446 + 1504
19446 + 1504
19454 # 1504
19454 - 1504 485
19454 # 1504
19454 - 1504 485
19457 + 1504
19457 + 1504
19457 + 1504
19464 # 1504
19464 - 1504 495
19466 + 1504
19466 + 1504
19474 # 1504
19474 - 1504 430
19484 # 1504
19484 - 1504 440
19496 # 1504
19496 - 1504 452
19499 + 1504
19499 + 1504
19506 # 1504
19506 - 1504 462
19506 # 1504
19506 - 1504 459
19508 + 1504
19508 + 1504
19514 # 1504
19514 - 1504 467
19516 + 1504
19516 + 1504
19524 # 1504
19524 - 1504 449
19534 # 1504
19534 - 1504 459
19537 + 1504
19537 + 1504
19544 # 1504
19544 - 1504 425
19554 # 1504
19554 - 1504 435
19558 + 1504
19558 + 1504
19565 # 1504
19565 - 1504 446
19565 # 1504
19565 - 1504 446
19568 + 1504
19568 + 1504
19568 + 1504
19568 + 1504
19574 # 1504
19574 - 1504 455
19585 # 1504
19585 - 1504 466
19588 + 1504
19588 + 1504
19594 # 1504
19594 - 1504 458
19604 # 1504
19604 - 1504 468
19607 + 1504
19607 + 1504
19614 # 1504
19614 - 1504 455
19614 # 1504
19614 - 1504 455
19617 + 1504
19617 + 1504
19664 # 1504
19664 - 1504 496
19674 # 1504
19674 - 1504 506
19676 + 1504
19676 + 1504
19684 # 1504
19684 - 1504 495
19694 # 1504
19694 - 1504 505
19704 + 1504
19704 + 1504
19706 # 1504
19706 - 1504 499
19714 # 1504
19714 - 1504 507
19714 # 1504
19714 - 1504 507
19718 + 1504
19718 + 1504
19718 + 1504
19718 + 1504
19724 # 1504
19724 - 1504 517
19740 + 1504
19740 + 1504
19774 # 1504
19774 - 1504 557
19774 # 1504
19774 - 1504 548
19774 # 1504
19774 - 1504 548
19775 # 1504
19775 - 1504 490
19775 # 1504
19775 - 1504 486
19779 + 1504
19779 + 1504
19779 + 1504
19779 + 1504
19779 + 1504
19779 + 1504
19827 # 1504
19827 - 1504 538
19830 + 1504
19834 # 1504
19834 - 1504 506
19834 # 1504
19834 - 1504 506
19837 + 1504
19837 + 1504
19854 # 1504
19854 - 1504 517
19855 # 1504
19855 - 1504 518
19862 + 1504
19862 + 1504
19862 + 1504
19864 # 1504
19864 - 1504 486
19864 # 1504
19864 - 1504 486
19868 + 1504
19869 + 1504
19876 # 1504
19876 - 1504 488
19885 # 1504
19885 - 1504 497
19891 + 1504
19891 + 1504
19936 # 1504
19936 - 1504 548
19938 # 1504
19938 - 1504 516
19938 # 1504
19938 - 1504 516
19938 # 1504
19938 - 1504 492
19938 # 1504
19938 - 1504 492
19938 + 1504
19938 + 1504
19942 + 1504
19942 + 1504
19942 + 1504
19942 + 1504
19984 # 1504
19984 - 1504 538
19986 # 1504
19986 - 1504 540
19988 + 1504
19988 + 1504
20004 # 1504
20004 - 1504 547
20005 # 1504
20005 - 1504 548
20005 # 1504
20005 - 1504 548
20005 # 1504
20005 - 1504 539
20007 + 1504
20007 + 1504
20007 + 1504
20007 + 1504
20014 # 1504
20014 - 1504 548
20024 # 1504
20024 - 1504 525
20026 + 1504
20026 + 1504
20034 # 1504
20034 - 1504 535
20037 + 1504
20037 + 1504
20044 # 1504
20044 - 1504 536
20054 # 1504
20054 - 1504 546
20054 # 1504
20054 - 1504 538
20056 + 1504
20056 + 1504
20064 # 1504
20064 - 1504 548
20074 # 1504
20074 - 1504 537
20084 # 1504
20084 - 1504 547
20134 # 1504
20134 - 1504 576
20146 # 1504
20146 - 1504 578
20154 # 1504
20154 - 1504 586
20154 # 1504
20154 - 1504 586
20164 # 1504
20164 - 1504 596
20174 # 1504
20174 - 1504 586
20185 # 1504
20185 - 1504 597
20194 # 1504
20194 - 1504 587
20244 # 1504
20244 - 1504 627
20244 # 1504
20244 - 1504 627
20245 # 1504
20245 - 1504 569
20245 # 1504
20245 - 1504 569
20245 # 1504
20245 - 1504 541
20251 + 1504
20254 # 1504
20254 - 1504 550
20264 # 1504
20264 - 1504 546
20264 # 1504
20264 - 1504 546
20315 # 1504
20315 - 1504 597
20325 # 1504
20325 - 1504 585
20334 # 1504
20334 - 1504 555
20334 # 1504
20334 - 1504 555
20384 # 1504
20384 - 1504 605
20394 # 1504
20394 - 1504 615
20394 # 1504
20394 - 1504 615
20394 # 1504
20394 - 1504 564
20395 # 1504
20395 - 1504 558
20404 # 1504
20404 - 1504 567
20414 # 1504
20414 - 1504 552
20424 # 1504
20424 - 1504 562
20424 # 1504
20424 - 1504 556
20434 # 1504
20434 - 1504 565
20450 + 1504
20450 + 1504
20451 + 1504
20451 + 1504
20451 + 1504
20451 + 1504
20451 + 1504
20451 + 1504
20451 + 1504
20451 + 1504
20451 + 1504
20451 + 1504
20451 + 1504
20451 + 1504
20451 + 1504
20451 + 1504
20451 + 1504
20451 + 1504
20451 + 1504
20451 + 1504
20451 + 1504
20484 # 1504
20484 - 1504 593
20485 # 1504
20485 - 1504 594
20489 # 1504
20489 - 1504 547
20491 # 1504
20491 - 1504 549
20495 # 1504
20495 - 1504 553
20495 # 1504
20495 - 1504 553
20504 # 1504
20504 - 1504 516
20514 # 1504
20514 - 1504 526
20524 # 1504
20524 - 1504 517
20534 # 1504
20534 - 1504 527
20545 # 1504
20545 - 1504 538
20545 # 1504
20545 - 1504 538
20554 # 1504
20554 - 1504 528
20565 # 1504
20565 - 1504 539
20574 # 1504
20574 - 1504 537
20585 # 1504
20585 - 1504 548
20634 # 1504
20634 - 1504 578
20634 # 1504
20634 - 1504 578
20634 # 1504
20634 - 1504 184
20654 # 1504
20654 - 1504 204
20655 # 1504
20655 - 1504 204
20684 # 1504
20684 - 1504 233
20704 # 1504
20704 - 1504 253
20705 # 1504
20705 - 1504 254
20705 # 1504
20705 - 1504 254
20705 # 1504
20705 - 1504 254
20714 # 1504
20714 - 1504 263
20724 # 1504
20724 - 1504 273
20734 # 1504
20734 - 1504 283
20744 # 1504
20744 - 1504 293
20744 # 1504
20744 - 1504 293
20754 # 1504
20754 - 1504 303
20804 # 1504
20804 - 1504 353
20804 # 1504
20804 - 1504 353
20805 # 1504
20805 - 1504 354
20805 # 1504
20805 - 1504 354
20854 # 1504
20854 - 1504 403
20854 # 1504
20854 - 1504 403
20854 # 1504
20854 - 1504 403
20855 # 1504
20855 # 1504
20864 # 1504
20874 # 1504
20874 # 1504
20884 # 1504
20934 # 1504
20945 # 1504
20946 # 1504
20949 # 1504
20954 # 1504
20954 # 1504
20964 # 1504
20974 # 1504
21024 # 1504
21025 # 1504
21026 # 1504
21026 # 1504
21026 # 1504
21034 # 1504
21044 # 1504
21054 # 1504
21064 # 1504
21075 # 1504
21075 # 1504
21084 # 1504
21094 # 1504
21104 # 1504
21114 # 1504
21124 # 1504
21124 # 1504
21134 # 1504
21144 # 1504
21195 # 1504
21204 # 1504
21214 # 1504
21224 # 1504
21224 # 1504
21275 # 1504
21275 # 1504
21276 # 1504
21276 # 1504
21324 # 1504
21324 # 1504
21324 # 1504
21325 # 1504
21326 # 1504
21334 # 1504
21344 # 1504
21354 # 1504
21354 # 1504
21404 # 1504
21414 # 1504
21414 # 1504
21415 # 1504
21424 # 1504
21424 # 1504
21434 # 1504
21434 + 1504
21434 + 1504
21435 + 1504
21435 + 1504
21435 + 1504
21435 + 1504
21435 + 1504
21435 + 1504
21435 + 1504
21435 + 1504
21435 + 1504
21444 # 1504
21444 - 1504 10
21456 # 1504
21456 - 1504 22
21465 # 1504
21465 - 1504 30
21474 # 1504
21474 - 1504 39
21484 # 1504
21484 - 1504 49
21484 # 1504
21484 - 1504 49
21494 # 1504
21494 - 1504 59
21504 # 1504
21504 - 1504 69
21514 # 1504
21514 - 1504 79
21524 # 1504
21524 - 1504 89
21574 # 1504
21574 - 1504 139
21574 # 1504
21574 # 1504
21594 # 1504
21594 # 1504
21594 # 1504
21604 # 1504
21604 # 1504
21654 # 1504
21664 # 1504
21674 # 1504
21684 # 1504
21694 # 1504
21704 # 1504
21704 # 1504
21714 # 1504
21724 # 1504
21734 # 1504
21744 # 1504
21754 # 1504
21754 # 1504
21764 # 1504
21774 # 1504
21785 # 1504
21794 # 1504
21804 # 1504
21813 # 1504
21814 # 1504
21835 # 1504
21844 # 1504
21854 # 1504
21904 # 1504
21904 # 1504
21914 # 1504
21924 # 1504
21934 # 1504
21984 # 1504
21994 # 1504
21994 # 1504
22004 # 1504
22014 # 1504
22024 # 1504
22034 # 1504
22044 # 1504
22094 # 1504
22094 # 1504
22095 # 1504
22095 # 1504
22095 # 1504
22144 # 1504
22145 # 1504
22145 # 1504
22145 # 1504
22174 # 1504
22174 # 1504
22174 # 1504
22184 # 1504
22184 # 1504
22234 # 1504
22244 # 1504
22245 # 1504
22264 # 1504
22264 # 1504
22274 # 1504
22274 # 1504
22284 # 1504
22294 # 1504
22304 # 1504
22315 # 1504
22326 # 1504
22326 # 1504
22334 # 1504
22344 # 1504
22354 # 1504
22364 # 1504
22374 # 1504
22384 # 1504
22384 # 1504
22394 # 1504
22434 + 1504
22434 + 1504
22434 + 1504
22434 + 1504
22434 + 1504
22434 + 1504
22434 + 1504
22434 + 1504
22434 + 1504
22434 + 1504
22434 + 1504
22434 + 1504
22434 + 1504
22434 + 1504
22434 + 1504
22434 + 1504
22434 + 1504
22444 # 1504
22444 - 1504 10
22454 # 1504
22454 - 1504 20
22454 # 1504
22454 - 1504 20
22474 # 1504
22474 - 1504 40
22474 # 1504
22474 - 1504 40
22504 # 1504
22504 - 1504 70
22504 # 1504
22504 - 1504 70
22505 # 1504
22505 - 1504 71
22514 # 1504
22514 - 1504 80
22524 # 1504
22524 - 1504 90
22524 # 1504
22524 - 1504 90
22534 # 1504
22534 - 1504 100
22544 # 1504
22544 - 1504 110
22554 # 1504
22554 - 1504 120
22604 # 1504
22604 - 1504 170
22614 # 1504
22614 - 1504 180
22624 # 1504
22624 - 1504 190
22624 # 1504
22624 # 1504
22634 # 1504
22644 # 1504
22694 # 1504
22694 # 1504
22694 # 1504
22695 # 1504
22695 # 1504
22744 # 1504
22754 # 1504
22755 # 1504
22755 # 1504
22755 # 1504
22764 # 1504
22774 # 1504
22784 # 1504
22794 # 1504
22804 # 1504
22804 # 1504
22814 # 1504
22824 # 1504
22834 # 1504
22884 # 1504
22894 # 1504
22894 # 1504
22894 # 1504
22895 # 1504
22904 # 1504
22914 # 1504
22924 # 1504
22934 # 1504
22934 # 1504
22944 # 1504
22994 # 1504
22994 # 1504
23014 # 1504
23014 # 1504
23014 # 1504
23044 # 1504
23064 # 1504
23074 # 1504
23094 # 1504
23094 # 1504
23095 # 1504
23104 # 1504
23114 # 1504
23124 # 1504
23134 # 1504
23144 # 1504
23194 # 1504
23194 # 1504
23204 # 1504
23204 # 1504
23205 # 1504
23214 # 1504
23224 # 1504
23224 # 1504
23234 # 1504
23244 # 1504
23254 # 1504
23264 # 1504
23274 # 1504
23274 # 1504
23284 # 1504
23294 # 1504
23344 # 1504
23344 # 1504
23345 # 1504
23345 # 1504
23345 # 1504
23435 + 1504
23435 + 1504
23435 + 1504
23435 + 1504
23435 + 1504
23435 + 1504
23435 + 1504
23435 + 1504
23435 + 1504
23435 + 1504
23435 + 1504
23435 + 1504
23435 + 1504
23435 + 1504
23435 + 1504
23435 + 1504
23435 + 1504
23435 + 1504
23435 + 1504
23435 + 1504
23435 + 1504
23435 + 1504
23435 + 1504
23435 + 1504
23435 + 1504
23435 + 1504
23435 + 1504
23435 + 1504
23435 + 1504
23435 + 1504
23435 + 1504
23435 + 1504
23435 + 1504
23435 + 1504
23435 + 1504
23435 + 1504
23435 + 1504
23435 + 1504
23435 + 1504
23435 + 1504
23435 + 1504
23435 + 1504
24192 # 1504
24192 - 1504 757
24424 + 1504
24424 + 1504
24424 + 1504
24425 + 1504
24425 + 1504
24425 + 1504
25171 # 1504
25171 - 1504 1736
25436 + 1504
26171 # 1504
26171 - 1504 2736
26435 + 1504
26442 + 1504
27182 # 1504
27182 - 1504 3747
27426 + 1504
28112 # 1504
28112 - 1504 1670
28132 # 1504
28132 - 1504 706
28192 # 1504
28212 # 1504
28223 # 1504
28283 # 1504
28302 # 1504
28353 # 1504
28353 # 1504
28354 # 1504
28363 # 1504
28374 # 1504
28384 # 1504
28384 # 1504
28434 # 1504
28436 + 1504
28436 + 1504
28436 + 1504
28444 # 1504
28444 - 1504 8
28454 # 1504
28454 - 1504 18
28454 # 1504
28454 - 1504 18
28464 # 1504
28514 # 1504
28514 # 1504
28514 # 1504
28534 # 1504
28544 # 1504
28544 # 1504
28594 # 1504
28594 # 1504
28604 # 1504
28604 # 1504
28605 # 1504
28614 # 1504
28624 # 1504
28624 # 1504
28634 # 1504
28644 # 1504
28694 # 1504
28694 # 1504
28695 # 1504
28696 # 1504
28696 # 1504
28704 # 1504
28714 # 1504
28724 # 1504
28734 # 1504
28744 # 1504
28744 # 1504
28754 # 1504
28804 # 1504
28804 # 1504
28805 # 1504
28805 # 1504
28854 # 1504
28854 # 1504
28854 # 1504
28855 # 1504
28855 # 1504
28864 # 1504
28874 # 1504
28874 # 1504
28884 # 1504
28894 # 1504
28904 # 1504
28914 # 1504
28924 # 1504
28924 # 1504
28934 # 1504
28984 # 1504
28984 # 1504
29004 # 1504
29014 # 1504
29014 # 1504
29015 # 1504
29024 # 1504
29034 # 1504
29084 # 1504
29084 # 1504
29085 # 1504
29085 # 1504
29114 # 1504
29114 # 1504
29114 # 1504
29124 # 1504
29134 # 1504
29135 # 1504
29184 # 1504
29184 # 1504
29185 # 1504
29214 # 1504
29234 # 1504
29244 # 1504
29244 # 1504
29244 # 1504
29254 # 1504
29264 # 1504
29274 # 1504
29284 # 1504
29284 # 1504
29294 # 1504
29304 # 1504
29314 # 1504
29324 # 1504
29334 # 1504
29344 # 1504
29344 # 1504
29394 # 1504
29394 # 1504
29394 # 1504
29395 # 1504
29404 # 1504
29404 # 1504
29427 + 1504
29427 + 1504
29427 + 1504
29427 + 1504
29427 + 1504
29427 + 1504
29454 # 1504
29454 - 1504 27
29454 # 1504
29454 - 1504 27
29474 # 1504
29474 - 1504 47
29474 # 1504
29474 - 1504 47
29504 # 1504
29504 - 1504 77
29504 # 1504
29504 - 1504 77
29507 + 52
29524 # 1504
29524 - 52 17
29524 # 1504
29525 # 1504
29534 # 1504
29544 # 1504
29554 # 1504
29554 # 1504
29564 # 1504
29574 # 1504
29584 # 1504
29594 # 1504
29604 # 1504
29604 # 1504
29614 # 1504
29624 # 1504
29634 # 1504
29684 # 1504
29694 # 1504
29694 # 1504
29704 # 1504
29704 # 1504
29714 # 1504
29724 # 1504
29734 # 1504
29744 # 1504
29744 # 1504
29794 # 1504
29804 # 1504
29814 # 1504
29824 # 1504
29834 # 1504
29834 # 1504
29844 # 1504
29854 # 1504
29864 # 1504
29874 # 1504
29884 # 1504
29894 # 1504
29894 # 1504
29944 # 1504
29954 # 1504
29964 # 1504
29965 # 1504
29974 # 1504
29974 # 1504
29984 # 1504
29994 # 1504
30004 # 1504
30014 # 1504
30024 # 1504
30024 # 1504
30034 # 1504
30044 # 1504
30094 # 1504
30104 # 1504
30104 # 1504
30104 # 1504
30113 # 1504
30146 + 1504
30146 + 1504
30146 + 1504
30146 + 1504
30146 + 1504
30146 + 1504
30146 + 1504
30146 + 1504
30146 + 1504
30146 + 1504
30146 + 1504
30146 + 1504
30164 # 1504
30164 - 1504 18
30174 # 1504
30174 - 1504 28
30175 + 1504
30175 + 1504
30176 + 1504
30176 + 1504
30184 # 1504
30184 - 1504 38
30184 # 1504
30184 - 1504 38
30189 + 1504
30189 + 1504
30189 + 1504
30189 + 1504
30194 # 1504
30194 - 1504 48
30204 # 1504
30204 - 1504 58
30212 + 1504
30212 + 1504
30212 + 1504
30212 + 1504
30214 # 1504
30214 - 1504 68
30224 # 1504
30224 - 1504 78
30224 + 1504
30224 + 1504
30228 + 1504
30228 + 1504
30234 # 1504
30234 - 1504 88
30246 + 1504
30246 + 1504
30283 # 1504
30283 - 1504 137
30285 + 1504
30285 + 1504
30293 # 1504
30293 - 1504 147
30293 # 1504
30293 - 1504 147
30296 + 1504
30296 + 1504
30296 + 1504
30296 + 1504
30303 # 1504
30303 - 1504 128
30304 # 1504
30304 - 1504 129
30305 + 1504
30305 + 1504
30313 # 1504
30313 - 1504 137
30314 + 1504
30314 + 1504
30316 + 1504
30316 + 1504
30324 # 1504
30324 - 1504 148
30332 + 1504
30332 + 1504
30333 # 1504
30333 - 1504 144
30338 + 1504
30338 + 1504
30384 # 1504
30384 - 1504 195
30386 + 1504
30386 + 1504
30393 # 1504
30393 - 1504 204
30395 + 1504
30396 + 1504
30404 # 1504
30404 - 1504 215
30406 + 1504
30406 + 1504
30413 # 1504
30413 - 1504 201
30415 + 1504
30464 # 1504
30464 - 1504 252
30464 # 1504
30464 - 1504 252
30465 # 1504
30465 - 1504 253
30466 + 1504
30466 + 1504
30494 # 1504
30494 - 1504 270
30495 # 1504
30495 - 1504 271
30495 # 1504
30495 - 1504 267
30495 # 1504
30495 - 1504 267
30496 + 1504
30496 + 1504
30498 + 1504
30498 + 1504
30504 # 1504
30504 - 1504 258
30506 + 1504
30506 + 1504
30514 # 1504
30514 - 1504 268
30524 # 1504
30524 - 1504 239
30527 + 1504
30527 + 1504
30534 # 1504
30534 - 1504 249
30534 # 1504
30534 - 1504 238
30544 # 1504
30544 - 1504 248
30546 + 1504
30546 + 1504
30554 # 1504
30554 - 1504 258
30559 + 1504
30559 + 1504
30564 # 1504
30564 - 1504 268
30574 # 1504
30574 - 1504 269
30576 + 1504
30576 + 1504
30624 # 1504
30624 - 1504 319
30634 # 1504
30634 - 1504 320
30634 # 1504
30634 - 1504 320
30644 # 1504
30644 - 1504 328
30654 # 1504
30654 - 1504 338
30664 # 1504
30664 - 1504 332
30673 # 1504
30673 - 1504 341
30684 # 1504
30684 - 1504 346
30693 # 1504
30693 - 1504 355
30704 # 1504
30704 - 1504 318
30704 + 1504
30704 + 1504
30704 + 1504
30704 + 1504
30704 + 1504
30704 + 1504
30704 + 1504
30704 + 1504
30704 + 1504
30713 # 1504
30713 - 1504 327
30723 + 1504
30723 + 1504
30724 # 1504
30724 - 1504 329
30733 # 1504
30733 - 1504 337
30737 + 1504
30737 + 1504
30743 # 1504
30743 - 1504 337
30794 # 1504
30794 - 1504 388
30799 + 1504
30799 + 1504
30804 # 1504
30804 - 1504 389
30804 # 1504
30804 - 1504 338
30807 + 1504
30807 + 1504
30814 # 1504
30814 - 1504 348
30824 # 1504
30824 - 1504 328
30830 + 1504
30830 + 1504
30874 # 1504
30874 - 1504 378
30874 # 1504
30874 - 1504 376
30875 # 1504
30875 - 1504 377
30875 # 1504
30875 - 1504 369
30875 # 1504
30875 - 1504 369
30878 + 1504
30878 + 1504
30878 + 1504
30878 + 1504
30878 + 1504
30878 + 1504
30884 # 1504
30884 - 1504 357
30894 # 1504
30894 - 1504 367
30897 + 1504
30897 + 1504
30904 # 1504
30904 - 1504 358
30914 # 1504
30914 - 1504 368
30917 + 1504
30917 + 1504
30925 # 1504
30925 - 1504 366
30925 # 1504
30925 - 1504 366
30927 + 1504
30927 + 1504
30934 # 1504
30934 - 1504 358
30944 # 1504
30944 - 1504 368
30954 # 1504
30954 - 1504 250
30958 + 1504
30958 + 1504
30997 + 1504
30997 + 1504
31004 # 1504
31004 - 1504 300
31014 # 1504
31014 - 1504 310
31014 # 1504
31014 - 1504 310
31014 # 1504
31014 - 1504 310
31017 + 1504
31017 + 1504
31017 + 1504
31017 + 1504
31034 # 1504
31034 - 1504 330
31034 # 1504
31034 - 1504 330
31036 + 1504
31036 + 1504
31044 # 1504
31044 - 1504 340
31054 # 1504
31054 - 1504 350
31063 + 1504
31063 + 1504
31104 # 1504
31104 - 1504 381
31104 # 1504
31104 - 1504 381
31104 # 1504
31104 - 1504 367
31105 # 1504
31105 - 1504 368
31108 + 1504
31108 + 1504
31108 + 1504
31108 + 1504
31134 # 1504
31134 - 1504 335
31134 # 1504
31134 - 1504 335
31164 # 1504
31164 - 1504 357
31164 # 1504
31164 - 1504 357
31165 # 1504
31165 - 1504 335
31165 # 1504
31165 - 1504 335
31174 # 1504
31174 - 1504 296
31184 # 1504
31184 - 1504 306
31194 # 1504
31194 - 1504 316
31194 # 1504
31194 - 1504 316
31200 + 1504
31200 + 1504
31200 + 1504
31200 + 1504
31200 + 1504
31200 + 1504
31200 + 1504
31200 + 1504
31200 + 1504
31200 + 1504
31204 # 1504
31204 - 1504 326
31214 # 1504
31214 - 1504 336
31226 + 1504
31226 + 1504
31264 # 1504
31264 - 1504 367
31265 # 1504
31265 - 1504 368
31265 # 1504
31265 - 1504 348
31275 + 1504
31275 + 1504
31275 + 1504
31275 + 1504
31294 # 1504
31294 - 1504 377
31294 # 1504
31294 - 1504 367
31298 + 1504
31298 + 1504
31314 # 1504
31314 - 1504 387
31314 # 1504
31314 - 1504 356
31314 # 1504
31314 - 1504 356
31318 + 1504
31318 + 1504
31318 + 1504
31318 + 1504
31324 # 1504
31324 - 1504 327
31334 # 1504
31334 - 1504 337
31334 # 1504
31334 - 1504 317
31338 + 1504
31338 + 1504
31344 # 1504
31344 - 1504 327
31354 # 1504
31354 - 1504 337
31356 + 1504
31356 + 1504
31364 # 1504
31364 - 1504 347
31368 + 1504
31368 + 1504
31374 # 1504
31374 - 1504 338
31384 # 1504
31384 - 1504 348
31384 # 1504
31384 - 1504 321
31389 + 1504
31389 + 1504
31394 # 1504
31394 - 1504 331
31398 + 1504
31398 + 1504
31404 # 1504
31404 - 1504 296
31414 # 1504
31414 - 1504 306
31417 + 1504
31417 + 1504
31424 # 1504
31424 - 1504 316
31434 # 1504
31434 - 1504 326
31437 + 1504
31437 + 1504
31444 # 1504
31444 - 1504 244
31444 # 1504
31444 - 1504 244
31451 + 1504
31451 + 1504
31454 # 1504
31454 - 1504 254
31498 + 1504
31498 + 1504
31505 # 1504
31505 - 1504 305
31505 # 1504
31505 - 1504 305
31508 + 1504
31508 + 1504
31524 # 1504
31524 - 1504 324
31527 + 1504
31534 # 1504
31534 - 1504 334
31534 # 1504
31534 - 1504 334
31547 + 1504
31547 + 1504
31554 # 1504
31554 - 1504 354
31554 # 1504
31554 - 1504 354
31560 + 1504
31560 + 1504
31604 # 1504
31604 - 1504 378
31604 # 1504
31604 - 1504 378
31607 + 1504
31607 + 1504
31624 # 1504
31624 - 1504 349
31625 # 1504
31625 - 1504 350
31625 # 1504
31625 - 1504 350
31637 + 1504
31637 + 1504
31654 # 1504
31654 - 1504 379
31655 # 1504
31655 - 1504 357
31667 + 1504
31667 + 1504
31684 # 1504
31684 - 1504 386
31685 # 1504
31685 - 1504 367
31685 # 1504
31685 - 1504 367
31685 # 1504
31685 - 1504 367
31687 + 1504
31687 + 1504
31687 + 1504
31687 + 1504
31694 # 1504
31694 - 1504 376
31698 + 1504
31698 + 1504
31704 # 1504
31704 - 1504 366
31714 # 1504
31714 - 1504 376
31723 + 1504
31723 + 1504
31724 # 1504
31724 - 1504 368
31734 # 1504
31734 - 1504 378
31737 + 1504
31737 + 1504
31744 # 1504
31744 - 1504 376
31744 # 1504
31744 - 1504 376
31754 # 1504
31754 - 1504 365
31756 + 1504
31756 + 1504
31764 # 1504
31764 - 1504 375
31765 + 1504
31765 + 1504
31774 # 1504
31774 - 1504 376
31785 # 1504
31785 - 1504 387
31794 # 1504
31794 - 1504 377
31794 # 1504
31794 - 1504 377
31796 + 1504
31797 + 1504
31797 + 1504
31797 + 1504
31844 # 1504
31844 - 1504 407
31844 # 1504
31844 - 1504 407
31847 + 1504
31847 + 1504
31864 # 1504
31864 - 1504 413
31874 # 1504
31874 - 1504 423
31877 + 1504
31877 + 1504
31894 # 1504
31894 - 1504 396
31896 # 1504
31896 - 1504 398
31896 # 1504
31896 - 1504 388
31906 + 1504
31906 + 1504
31906 + 1504
31906 + 1504
31944 # 1504
31944 - 1504 436
31944 # 1504
31944 - 1504 417
31945 # 1504
31945 - 1504 398
31945 # 1504
31945 - 1504 398
31954 # 1504
31954 - 1504 394
31954 # 1504
31954 - 1504 394
31958 + 1504
31958 + 1504
31958 + 1504
31958 + 1504
31958 + 1504
31965 # 1504
31965 - 1504 358
31974 # 1504
31974 - 1504 367
31977 + 1504
31977 + 1504
31984 # 1504
31984 - 1504 347
31995 # 1504
31995 - 1504 358
31997 + 1504
31998 + 1504
32004 # 1504
32004 - 1504 337
32014 # 1504
32014 - 1504 347
32014 # 1504
32014 - 1504 327
32019 + 1504
32020 + 1504
32020 + 1504
32020 + 1504
32024 # 1504
32024 - 1504 337
32028 + 1504
32034 # 1504
32034 - 1504 347
32044 # 1504
32044 - 1504 357
32054 # 1504
32054 - 1504 356
32057 + 1504
32057 + 1504
32102 + 1504
32104 # 1504
32104 - 1504 406
32104 # 1504
32104 - 1504 381
32114 # 1504
32114 - 1504 391
32114 # 1504
32114 - 1504 377
32114 # 1504
32114 - 1504 377
32115 + 1504
32115 + 1504
32118 + 1504
32118 + 1504
32164 # 1504
32164 - 1504 408
32165 # 1504
32165 - 1504 409
32165 # 1504
32165 - 1504 400
32165 # 1504
32165 - 1504 400
32165 # 1504
32165 - 1504 369
32172 + 1504
32172 + 1504
32172 + 1504
32172 + 1504
32209 + 1504
32209 + 1504
32214 # 1504
32214 - 1504 417
32215 # 1504
32215 - 1504 418
32215 # 1504
32215 - 1504 418
32215 # 1504
32215 - 1504 368
32215 # 1504
32215 - 1504 368
32224 # 1504
32224 - 1504 347
32234 # 1504
32234 - 1504 357
32241 + 1504
32241 + 1504
32241 + 1504
32241 + 1504
32241 + 1504
32241 + 1504
32241 + 1504
32241 + 1504
32244 # 1504
32244 - 1504 338
32254 # 1504
32254 - 1504 348
32264 # 1504
32264 - 1504 358
32264 # 1504
32264 - 1504 358
32274 # 1504
32274 - 1504 316
32274 + 1504
32275 + 1504
32275 + 1504
32275 + 1504
32284 # 1504
32284 - 1504 326
32287 + 1504
32287 + 1504
32334 # 1504
32334 - 1504 376
32334 # 1504
32334 - 1504 376
32339 + 1504
32339 + 1504
32354 # 1504
32354 - 1504 396
32364 # 1504
32364 - 1504 387
32364 # 1504
32364 - 1504 387
32371 + 1504
32371 + 1504
32371 + 1504
32384 # 1504
32384 - 1504 387
32418 # 1504
32418 - 1504 420
32434 # 1504
32434 - 1504 415
32434 # 1504
32434 - 1504 414
32435 # 1504
32435 - 1504 415
32435 # 1504
32435 - 1504 415
32444 # 1504
32444 - 1504 416
32455 # 1504
32455 - 1504 398
32459 + 1504
32459 + 1504
32459 + 1504
32459 + 1504
32459 + 1504
32459 + 1504
32459 + 1504
32464 # 1504
32464 - 1504 407
32474 # 1504
32474 - 1504 372
32475 + 1504
32475 + 1504
32484 # 1504
32484 - 1504 369
32487 + 1504
32487 + 1504
32494 # 1504
32494 - 1504 379
32494 # 1504
32494 - 1504 376
32497 + 1504
32497 + 1504
32504 # 1504
32504 - 1504 386
32506 + 1504
32514 # 1504
32514 - 1504 342
32524 # 1504
32524 - 1504 352
32528 + 1504
32528 + 1504
32534 # 1504
32534 - 1504 362
32545 # 1504
32545 - 1504 373
32545 # 1504
32545 - 1504 336
32548 + 1504
32548 + 1504
32554 # 1504
32554 - 1504 345
32564 # 1504
32564 - 1504 323
32565 + 1504
32565 + 1504
32574 # 1504
32574 - 1504 333
32584 # 1504
32584 - 1504 343
32585 + 1504
32585 + 1504
32634 # 1504
32634 - 1504 393
32638 + 1504
32644 # 1504
32644 - 1504 403
32644 # 1504
32644 - 1504 403
32645 # 1504
32645 - 1504 404
32645 # 1504
32645 - 1504 404
32649 + 1504
32649 + 1504
32649 + 1504
32649 + 1504
32654 # 1504
32654 - 1504 380
32664 # 1504
32664 - 1504 389
32671 + 1504
32671 + 1504
32714 # 1504
32714 - 1504 439
32714 # 1504
32714 - 1504 439
32715 # 1504
32715 - 1504 428
32716 # 1504
32716 - 1504 429
32716 # 1504
32716 - 1504 377
32720 + 1504
32720 + 1504
32720 + 1504
32720 + 1504
32720 + 1504
32720 + 1504
32724 # 1504
32724 - 1504 385
32728 + 1504
32734 # 1504
32734 - 1504 363
32744 # 1504
32744 - 1504 373
32744 # 1504
32744 - 1504 373
32746 + 1504
32746 + 1504
32794 # 1504
32794 - 1504 335
32794 # 1504
32794 - 1504 335
32796 # 1504
32796 - 1504 337
32796 # 1504
32796 - 1504 337
32807 + 1504
32807 + 1504
32807 + 1504
32807 + 1504
32844 # 1504
32844 - 1504 385
32844 # 1504
32844 - 1504 385
32848 + 1504
32848 + 1504
32854 # 1504
32854 - 1504 395
32863 + 1504
32863 + 1504
32864 # 1504
32864 - 1504 389
32864 # 1504
32864 - 1504 389
32867 + 1504
32867 + 1504
32875 # 1504
32875 - 1504 388
32885 # 1504
32885 - 1504 398
32894 # 1504
32894 - 1504 397
32894 # 1504
32894 - 1504 397
32895 + 1504
32896 + 1504
32897 + 1504
32904 # 1504
32904 - 1504 398
32914 # 1504
32914 - 1504 386
32924 # 1504
32924 - 1504 396
32930 + 1504
32930 + 1504
32930 + 1504
32930 + 1504
32934 # 1504
32934 - 1504 386
32944 # 1504
32944 - 1504 396
32944 # 1504
32944 - 1504 379
32946 + 1504
32946 + 1504
32954 # 1504
32954 - 1504 389
32957 + 1504
32957 + 1504
33004 # 1504
33004 - 1504 419
33014 # 1504
33014 - 1504 429
33014 # 1504
33014 - 1504 376
33016 + 1504
33016 + 1504
33034 # 1504
33034 - 1504 385
33035 # 1504
33035 - 1504 386
33035 # 1504
33035 - 1504 386
33038 + 1504
33038 + 1504
33038 + 1504
33038 + 1504
33045 # 1504
33045 - 1504 396
33052 + 1504
33054 # 1504
33054 - 1504 383
33064 # 1504
33064 - 1504 393
33066 + 1504
33066 + 1504
33074 # 1504
33074 - 1504 354
33084 # 1504
33084 - 1504 364
33084 # 1504
33084 - 1504 364
33085 + 1504
33086 + 1504
33094 # 1504
33094 - 1504 374
33096 + 1504
33096 + 1504
33144 # 1504
33144 - 1504 424
33154 # 1504
33154 - 1504 434
33155 # 1504
33155 - 1504 427
33156 + 1504
33156 + 1504
33174 # 1504
33174 - 1504 428
33174 # 1504
33174 - 1504 428
33174 # 1504
33174 - 1504 367
33179 + 1504
33179 + 1504
33179 + 1504
33179 + 1504
33184 # 1504
33184 - 1504 377
33186 + 1504
33195 # 1504
33195 - 1504 388
33244 # 1504
33244 - 1504 437
33244 # 1504
33244 - 1504 396
33245 # 1504
33245 - 1504 397
33245 # 1504
33245 - 1504 382
33245 # 1504
33245 - 1504 382
33254 # 1504
33254 - 1504 387
33264 # 1504
33264 - 1504 397
33274 # 1504
33274 - 1504 379
33284 # 1504
33284 - 1504 388
33294 # 1504
33294 - 1504 397
33294 # 1504
33294 - 1504 364
33303 + 1504
33303 + 1504
33303 + 1504
33304 # 1504
33304 - 1504 374
33304 + 1504
33304 + 1504
33304 + 1504
33304 + 1504
33304 + 1504
33304 + 1504
33304 + 1504
33304 + 1504
33318 + 1504
33318 + 1504
33354 # 1504
33354 - 1504 424
33364 # 1504
33364 - 1504 434
33364 # 1504
33364 - 1504 418
33368 + 1504
33368 + 1504
33368 + 1504
33384 # 1504
33384 - 1504 438
33384 # 1504
33384 - 1504 427
33385 # 1504
33385 - 1504 428
33388 + 1504
33388 + 1504
33394 # 1504
33394 - 1504 378
33415 # 1504
33415 - 1504 399
33418 + 1504
33418 + 1504
33454 # 1504
33454 - 1504 416
33464 # 1504
33464 - 1504 426
33464 # 1504
33464 - 1504 426
33466 + 1504
33466 + 1504
33466 + 1504
33466 + 1504
33474 # 1504
33474 - 1504 436
33479 + 1504
33488 # 1504
33488 - 1504 436
33531 + 1504
33534 # 1504
33534 - 1504 468
33544 # 1504
33544 - 1504 478
33548 + 1504
33548 + 1504
33554 # 1504
33554 - 1504 469
33565 # 1504
33565 - 1504 479
33565 # 1504
33565 - 1504 469
33567 + 1504
33567 + 1504
33574 # 1504
33574 - 1504 478
33577 + 1504
33577 + 1504
33584 # 1504
33584 - 1504 428
33594 # 1504
33594 - 1504 438
33597 + 1504
33597 + 1504
33604 # 1504
33604 - 1504 425
33614 # 1504
33614 - 1504 435
33614 # 1504
33614 - 1504 435
33617 + 1504
33617 + 1504
33624 # 1504
33624 - 1504 445
33634 # 1504
33634 - 1504 448
33636 + 1504
33636 + 1504
33644 # 1504
33644 - 1504 341
33648 + 1504
33648 + 1504
33654 # 1504
33654 - 1504 351
33664 # 1504
33664 - 1504 361
33666 + 1504
33666 + 1504
33674 # 1504
33674 - 1504 370
33674 # 1504
33674 - 1504 370
33679 + 1504
33679 + 1504
33724 # 1504
33724 - 1504 420
33724 # 1504
33724 - 1504 420
33725 # 1504
33725 - 1504 421
33726 + 1504
33726 + 1504
33754 # 1504
33754 - 1504 450
33765 + 1504
33765 + 1504
33775 # 1504
33775 - 1504 471
33775 # 1504
33775 - 1504 471
33775 # 1504
33775 - 1504 457
33776 # 1504
33776 - 1504 458
33777 + 1504
33777 + 1504
33780 + 1504
33780 + 1504
33824 # 1504
33824 - 1504 456
33834 # 1504
33834 - 1504 466
33836 + 1504
33836 + 1504
33844 # 1504
33844 - 1504 476
33845 # 1504
33845 - 1504 457
33845 # 1504
33845 - 1504 457
33847 + 1504
33847 + 1504
33855 # 1504
33855 - 1504 437
33864 # 1504
33864 - 1504 446
33868 + 1504
33868 + 1504
33874 # 1504
33874 - 1504 408
